#
# There is insufficient memory for the Java Runtime Environment to continue.
# Native memory allocation (malloc) failed to allocate 1349136 bytes for Chunk::new
# Possible reasons:
#   The system is out of physical RAM or swap space
#   In 32 bit mode, the process size limit was hit
# Possible solutions:
#   Reduce memory load on the system
#   Increase physical memory or swap space
#   Check if swap backing store is full
#   Use 64 bit Java on a 64 bit OS
#   Decrease Java heap size (-Xmx/-Xms)
#   Decrease number of Java threads
#   Decrease Java thread stack sizes (-Xss)
#   Set larger code cache with -XX:ReservedCodeCacheSize=
# This output file may be truncated or incomplete.
#
#  Out of Memory Error (allocation.cpp:390), pid=6068, tid=0x0000000000006b0c
#
# JRE version: OpenJDK Runtime Environment (8.0_112) (build 1.8.0_112-release-736)
# Java VM: OpenJDK 64-Bit Server VM (25.112-b736 mixed mode windows-amd64 compressed oops)
# Failed to write core dump. Minidumps are not enabled by default on client versions of Windows
#

---------------  T H R E A D  ---------------

Current thread (0x00000000186cd800):  JavaThread "C2 CompilerThread0" daemon [_thread_in_native, id=27404, stack(0x000000001a130000,0x000000001a230000)]

Stack: [0x000000001a130000,0x000000001a230000]
[error occurred during error reporting (printing stack bounds), id 0xc0000005]

Native frames: (J=compiled Java code, j=interpreted, Vv=VM code, C=native code)


Current CompileTask:
C2:  12919 9698       4       com.sun.tools.javac.comp.Check::checkType (188 bytes)


---------------  P R O C E S S  ---------------

Java Threads: ( => current thread )
  0x00000000205e5800 JavaThread "Cache worker for Java compile cache (D:\Dev\workspace\MyApplication2\.gradle\4.0-rc-1\javaCompile)" [_thread_blocked, id=9904, stack(0x0000000025140000,0x0000000025240000)]
  0x00000000205e5000 JavaThread "Task worker Thread 3" [_thread_blocked, id=25856, stack(0x0000000025040000,0x0000000025140000)]
  0x00000000205dd800 JavaThread "Task worker Thread 2" [_thread_blocked, id=22928, stack(0x0000000024f40000,0x0000000025040000)]
  0x00000000205e1000 JavaThread "Task worker" [_thread_blocked, id=26784, stack(0x0000000024e40000,0x0000000024f40000)]
  0x00000000205e4000 JavaThread "Cache worker for task history cache (D:\Dev\workspace\MyApplication2\.gradle\4.0-rc-1\taskHistory)" [_thread_blocked, id=14248, stack(0x0000000024d40000,0x0000000024e40000)]
  0x00000000205e0800 JavaThread "Cache worker for file content cache (D:\Dev\workspace\MyApplication2\.gradle\4.0-rc-1\fileContent)" [_thread_blocked, id=27308, stack(0x0000000024a40000,0x0000000024b40000)]
  0x00000000205df800 JavaThread "Memory manager" [_thread_blocked, id=26092, stack(0x0000000023d40000,0x0000000023e40000)]
  0x00000000205df000 JavaThread "pool-1-thread-1" [_thread_blocked, id=11572, stack(0x0000000023a40000,0x0000000023b40000)]
  0x00000000205e3800 JavaThread "build operations Thread 4" [_thread_blocked, id=26024, stack(0x0000000022570000,0x0000000022670000)]
  0x00000000205e2800 JavaThread "build operations Thread 3" [_thread_blocked, id=26020, stack(0x0000000022470000,0x0000000022570000)]
  0x000000001c32f800 JavaThread "build operations Thread 2" [_thread_blocked, id=9572, stack(0x0000000022370000,0x0000000022470000)]
  0x000000001c32e800 JavaThread "build operations" [_thread_blocked, id=17956, stack(0x0000000020b80000,0x0000000020c80000)]
  0x000000001c32b800 JavaThread "Cache worker for Artifact transforms cache (C:\Users\Dingtu2\.gradle\caches\transforms-1)" [_thread_blocked, id=23060, stack(0x000000001f600000,0x000000001f700000)]
  0x000000001c188000 JavaThread "Cache worker for file hash cache (D:\Dev\workspace\MyApplication2\.gradle\4.0-rc-1\fileHashes)" [_thread_blocked, id=26788, stack(0x000000001e130000,0x000000001e230000)]
  0x000000001b733800 JavaThread "File lock request listener" [_thread_in_native, id=19772, stack(0x000000001de30000,0x000000001df30000)]
  0x000000001b431800 JavaThread "Cache worker for file hash cache (C:\Users\Dingtu2\.gradle\caches\4.0-rc-1\fileHashes)" [_thread_blocked, id=27384, stack(0x000000001dd30000,0x000000001de30000)]
  0x000000001b433000 JavaThread "Stdin handler" [_thread_blocked, id=26700, stack(0x000000001dc30000,0x000000001dd30000)]
  0x000000001b432800 JavaThread "Asynchronous log dispatcher for DefaultDaemonConnection: socket connection from /127.0.0.1:10911 to /127.0.0.1:10912" [_thread_blocked, id=16776, stack(0x000000001db30000,0x000000001dc30000)]
  0x000000001b1b1800 JavaThread "Daemon worker" [_thread_in_native, id=18680, stack(0x000000001da30000,0x000000001db30000)]
  0x000000001b42b800 JavaThread "Cancel handler" [_thread_blocked, id=24300, stack(0x000000001d930000,0x000000001da30000)]
  0x000000001b0ae800 JavaThread "Handler for socket connection from /127.0.0.1:10911 to /127.0.0.1:10912" [_thread_in_native, id=20628, stack(0x000000001d630000,0x000000001d730000)]
  0x000000001b407000 JavaThread "Daemon" [_thread_blocked, id=18476, stack(0x000000001d530000,0x000000001d630000)]
  0x000000001b406800 JavaThread "Daemon periodic checks" [_thread_blocked, id=23436, stack(0x000000001d430000,0x000000001d530000)]
  0x000000001b809800 JavaThread "Incoming local TCP Connector on port 10911" [_thread_in_native, id=26888, stack(0x000000001be20000,0x000000001bf20000)]
  0x0000000019bb0000 JavaThread "Service Thread" daemon [_thread_blocked, id=26104, stack(0x000000001a430000,0x000000001a530000)]
  0x000000001871e000 JavaThread "C1 CompilerThread2" daemon [_thread_blocked, id=3668, stack(0x000000001a330000,0x000000001a430000)]
  0x000000001871d000 JavaThread "C2 CompilerThread1" daemon [_thread_in_native, id=25080, stack(0x000000001a230000,0x000000001a330000)]
=>0x00000000186cd800 JavaThread "C2 CompilerThread0" daemon [_thread_in_native, id=27404, stack(0x000000001a130000,0x000000001a230000)]
  0x00000000186cc800 JavaThread "Attach Listener" daemon [_thread_blocked, id=27144, stack(0x000000001a030000,0x000000001a130000)]
  0x0000000019b38800 JavaThread "Signal Dispatcher" daemon [_thread_blocked, id=2952, stack(0x0000000019f30000,0x000000001a030000)]
  0x0000000004d4a000 JavaThread "Finalizer" daemon [_thread_blocked, id=14632, stack(0x0000000019930000,0x0000000019a30000)]
  0x0000000004d41000 JavaThread "Reference Handler" daemon [_thread_blocked, id=9860, stack(0x0000000019830000,0x0000000019930000)]
  0x000000000478d800 JavaThread "main" [_thread_blocked, id=25652, stack(0x0000000004b50000,0x0000000004c50000)]

Other Threads:
  0x0000000018685800 VMThread [stack: 0x0000000019730000,0x0000000019830000] [id=22856]
  0x0000000019bc3000 WatcherThread [stack: 0x000000001a530000,0x000000001a630000] [id=16648]

VM state:not at safepoint (normal execution)

VM Mutex/Monitor currently owned by a thread: None

Heap:
 PSYoungGen      total 185856K, used 69564K [0x00000000e0000000, 0x00000000ef480000, 0x0000000100000000)
  eden space 163840K, 42% used [0x00000000e0000000,0x00000000e43ef168,0x00000000ea000000)
  from space 22016K, 0% used [0x00000000ea000000,0x00000000ea000000,0x00000000eb580000)
  to   space 24064K, 0% used [0x00000000edd00000,0x00000000edd00000,0x00000000ef480000)
 ParOldGen       total 161792K, used 42217K [0x00000000a0000000, 0x00000000a9e00000, 0x00000000e0000000)
  object space 161792K, 26% used [0x00000000a0000000,0x00000000a293a5d0,0x00000000a9e00000)
 Metaspace       used 59203K, capacity 61406K, committed 61656K, reserved 1101824K
  class space    used 7808K, capacity 8351K, committed 8448K, reserved 1048576K

Card table byte_map: [0x0000000014110000,0x0000000014420000] byte_map_base: 0x0000000013c10000

Marking Bits: (ParMarkBitMap*) 0x000000007024f8f0
 Begin Bits: [0x0000000014a20000, 0x0000000016220000)
 End Bits:   [0x0000000016220000, 0x0000000017a20000)

Polling page: 0x0000000004710000

CodeCache: size=245760Kb used=30006Kb max_used=30006Kb free=215753Kb
 bounds [0x0000000004d50000, 0x0000000006ac0000, 0x0000000013d50000]
 total_blobs=9547 nmethods=8786 adapters=673
 compilation: enabled

Compilation events (10 events):
Event: 12.909 Thread 0x000000001871e000 9892       3       com.sun.tools.javac.comp.TransTypes::visitBinary (71 bytes)
Event: 12.910 Thread 0x000000001871e000 nmethod 9892 0x0000000006ab5850 code [0x0000000006ab5a40, 0x0000000006ab67d8]
Event: 12.910 Thread 0x000000001871e000 9893       3       com.sun.tools.javac.tree.TreeTranslator::translateVarDefs (34 bytes)
Event: 12.910 Thread 0x000000001871e000 nmethod 9893 0x0000000006ab6cd0 code [0x0000000006ab6e60, 0x0000000006ab7388]
Event: 12.910 Thread 0x000000001871e000 9890       3       com.sun.tools.javac.code.Types::returnTypeSubstitutable (41 bytes)
Event: 12.911 Thread 0x000000001871e000 nmethod 9890 0x0000000006ab74d0 code [0x0000000006ab7720, 0x0000000006ab8698]
Event: 12.911 Thread 0x000000001871e000 9891       3       com.sun.tools.javac.code.Types::resultSubtype (42 bytes)
Event: 12.911 Thread 0x000000001871e000 nmethod 9891 0x0000000006ab8e90 code [0x0000000006ab9080, 0x0000000006ab99e8]
Event: 12.911 Thread 0x000000001871e000 9894       3       com.sun.tools.javac.comp.Lower::visitBinary (201 bytes)
Event: 12.912 Thread 0x000000001871e000 nmethod 9894 0x0000000006ab9e90 code [0x0000000006aba160, 0x0000000006abb4a8]

GC Heap History (10 events):
Event: 5.849 GC heap before
{Heap before GC invocations=10 (full 2):
 PSYoungGen      total 112128K, used 101376K [0x00000000e0000000, 0x00000000ead80000, 0x0000000100000000)
  eden space 101376K, 100% used [0x00000000e0000000,0x00000000e6300000,0x00000000e6300000)
  from space 10752K, 0% used [0x00000000e6300000,0x00000000e6300000,0x00000000e6d80000)
  to   space 11776K, 0% used [0x00000000ea200000,0x00000000ea200000,0x00000000ead80000)
 ParOldGen       total 101376K, used 17212K [0x00000000a0000000, 0x00000000a6300000, 0x00000000e0000000)
  object space 101376K, 16% used [0x00000000a0000000,0x00000000a10cf218,0x00000000a6300000)
 Metaspace       used 40728K, capacity 41732K, committed 42200K, reserved 1085440K
  class space    used 5441K, capacity 5788K, committed 5888K, reserved 1048576K
Event: 5.861 GC heap after
Heap after GC invocations=10 (full 2):
 PSYoungGen      total 151040K, used 11107K [0x00000000e0000000, 0x00000000ead00000, 0x0000000100000000)
  eden space 139776K, 0% used [0x00000000e0000000,0x00000000e0000000,0x00000000e8880000)
  from space 11264K, 98% used [0x00000000ea200000,0x00000000eacd8e38,0x00000000ead00000)
  to   space 12800K, 0% used [0x00000000e9400000,0x00000000e9400000,0x00000000ea080000)
 ParOldGen       total 101376K, used 17220K [0x00000000a0000000, 0x00000000a6300000, 0x00000000e0000000)
  object space 101376K, 16% used [0x00000000a0000000,0x00000000a10d1218,0x00000000a6300000)
 Metaspace       used 40728K, capacity 41732K, committed 42200K, reserved 1085440K
  class space    used 5441K, capacity 5788K, committed 5888K, reserved 1048576K
}
Event: 7.255 GC heap before
{Heap before GC invocations=11 (full 2):
 PSYoungGen      total 151040K, used 150883K [0x00000000e0000000, 0x00000000ead00000, 0x0000000100000000)
  eden space 139776K, 100% used [0x00000000e0000000,0x00000000e8880000,0x00000000e8880000)
  from space 11264K, 98% used [0x00000000ea200000,0x00000000eacd8e38,0x00000000ead00000)
  to   space 12800K, 0% used [0x00000000e9400000,0x00000000e9400000,0x00000000ea080000)
 ParOldGen       total 101376K, used 17220K [0x00000000a0000000, 0x00000000a6300000, 0x00000000e0000000)
  object space 101376K, 16% used [0x00000000a0000000,0x00000000a10d1218,0x00000000a6300000)
 Metaspace       used 48186K, capacity 49722K, committed 49880K, reserved 1091584K
  class space    used 6443K, capacity 6883K, committed 6912K, reserved 1048576K
Event: 7.268 GC heap after
Heap after GC invocations=11 (full 2):
 PSYoungGen      total 164352K, used 12775K [0x00000000e0000000, 0x00000000ec500000, 0x0000000100000000)
  eden space 151552K, 0% used [0x00000000e0000000,0x00000000e0000000,0x00000000e9400000)
  from space 12800K, 99% used [0x00000000e9400000,0x00000000ea079e98,0x00000000ea080000)
  to   space 15872K, 0% used [0x00000000eb580000,0x00000000eb580000,0x00000000ec500000)
 ParOldGen       total 101376K, used 21072K [0x00000000a0000000, 0x00000000a6300000, 0x00000000e0000000)
  object space 101376K, 20% used [0x00000000a0000000,0x00000000a14940b8,0x00000000a6300000)
 Metaspace       used 48186K, capacity 49722K, committed 49880K, reserved 1091584K
  class space    used 6443K, capacity 6883K, committed 6912K, reserved 1048576K
}
Event: 9.490 GC heap before
{Heap before GC invocations=12 (full 2):
 PSYoungGen      total 164352K, used 164327K [0x00000000e0000000, 0x00000000ec500000, 0x0000000100000000)
  eden space 151552K, 100% used [0x00000000e0000000,0x00000000e9400000,0x00000000e9400000)
  from space 12800K, 99% used [0x00000000e9400000,0x00000000ea079e98,0x00000000ea080000)
  to   space 15872K, 0% used [0x00000000eb580000,0x00000000eb580000,0x00000000ec500000)
 ParOldGen       total 101376K, used 21072K [0x00000000a0000000, 0x00000000a6300000, 0x00000000e0000000)
  object space 101376K, 20% used [0x00000000a0000000,0x00000000a14940b8,0x00000000a6300000)
 Metaspace       used 53427K, capacity 55532K, committed 55640K, reserved 1097728K
  class space    used 7187K, capacity 7724K, committed 7808K, reserved 1048576K
Event: 9.518 GC heap after
Heap after GC invocations=12 (full 2):
 PSYoungGen      total 179712K, used 15846K [0x00000000e0000000, 0x00000000edf00000, 0x0000000100000000)
  eden space 163840K, 0% used [0x00000000e0000000,0x00000000e0000000,0x00000000ea000000)
  from space 15872K, 99% used [0x00000000eb580000,0x00000000ec4f99c0,0x00000000ec500000)
  to   space 22016K, 0% used [0x00000000ea000000,0x00000000ea000000,0x00000000eb580000)
 ParOldGen       total 101376K, used 33577K [0x00000000a0000000, 0x00000000a6300000, 0x00000000e0000000)
  object space 101376K, 33% used [0x00000000a0000000,0x00000000a20ca7e8,0x00000000a6300000)
 Metaspace       used 53427K, capacity 55532K, committed 55640K, reserved 1097728K
  class space    used 7187K, capacity 7724K, committed 7808K, reserved 1048576K
}
Event: 10.604 GC heap before
{Heap before GC invocations=13 (full 2):
 PSYoungGen      total 179712K, used 69717K [0x00000000e0000000, 0x00000000edf00000, 0x0000000100000000)
  eden space 163840K, 32% used [0x00000000e0000000,0x00000000e349ba98,0x00000000ea000000)
  from space 15872K, 99% used [0x00000000eb580000,0x00000000ec4f99c0,0x00000000ec500000)
  to   space 22016K, 0% used [0x00000000ea000000,0x00000000ea000000,0x00000000eb580000)
 ParOldGen       total 101376K, used 33577K [0x00000000a0000000, 0x00000000a6300000, 0x00000000e0000000)
  object space 101376K, 33% used [0x00000000a0000000,0x00000000a20ca7e8,0x00000000a6300000)
 Metaspace       used 56730K, capacity 58878K, committed 59028K, reserved 1099776K
  class space    used 7650K, capacity 8191K, committed 8192K, reserved 1048576K
Event: 10.628 GC heap after
Heap after GC invocations=13 (full 2):
 PSYoungGen      total 185856K, used 19478K [0x00000000e0000000, 0x00000000ef480000, 0x0000000100000000)
  eden space 163840K, 0% used [0x00000000e0000000,0x00000000e0000000,0x00000000ea000000)
  from space 22016K, 88% used [0x00000000ea000000,0x00000000eb305a00,0x00000000eb580000)
  to   space 24064K, 0% used [0x00000000edd00000,0x00000000edd00000,0x00000000ef480000)
 ParOldGen       total 101376K, used 33585K [0x00000000a0000000, 0x00000000a6300000, 0x00000000e0000000)
  object space 101376K, 33% used [0x00000000a0000000,0x00000000a20cc7e8,0x00000000a6300000)
 Metaspace       used 56730K, capacity 58878K, committed 59028K, reserved 1099776K
  class space    used 7650K, capacity 8191K, committed 8192K, reserved 1048576K
}
Event: 10.628 GC heap before
{Heap before GC invocations=14 (full 3):
 PSYoungGen      total 185856K, used 19478K [0x00000000e0000000, 0x00000000ef480000, 0x0000000100000000)
  eden space 163840K, 0% used [0x00000000e0000000,0x00000000e0000000,0x00000000ea000000)
  from space 22016K, 88% used [0x00000000ea000000,0x00000000eb305a00,0x00000000eb580000)
  to   space 24064K, 0% used [0x00000000edd00000,0x00000000edd00000,0x00000000ef480000)
 ParOldGen       total 101376K, used 33585K [0x00000000a0000000, 0x00000000a6300000, 0x00000000e0000000)
  object space 101376K, 33% used [0x00000000a0000000,0x00000000a20cc7e8,0x00000000a6300000)
 Metaspace       used 56730K, capacity 58878K, committed 59028K, reserved 1099776K
  class space    used 7650K, capacity 8191K, committed 8192K, reserved 1048576K
Event: 10.847 GC heap after
Heap after GC invocations=14 (full 3):
 PSYoungGen      total 185856K, used 0K [0x00000000e0000000, 0x00000000ef480000, 0x0000000100000000)
  eden space 163840K, 0% used [0x00000000e0000000,0x00000000e0000000,0x00000000ea000000)
  from space 22016K, 0% used [0x00000000ea000000,0x00000000ea000000,0x00000000eb580000)
  to   space 24064K, 0% used [0x00000000edd00000,0x00000000edd00000,0x00000000ef480000)
 ParOldGen       total 161792K, used 42217K [0x00000000a0000000, 0x00000000a9e00000, 0x00000000e0000000)
  object space 161792K, 26% used [0x00000000a0000000,0x00000000a293a5d0,0x00000000a9e00000)
 Metaspace       used 56730K, capacity 58878K, committed 59028K, reserved 1099776K
  class space    used 7650K, capacity 8191K, committed 8192K, reserved 1048576K
}

Deoptimization events (10 events):
Event: 12.458 Thread 0x000000001b1b1800 Uncommon trap: reason=unstable_if action=reinterpret pc=0x000000000685f374 method=com.sun.tools.javac.code.Types.capture(Lcom/sun/tools/javac/code/Type;)Lcom/sun/tools/javac/code/Type; @ 90
Event: 12.506 Thread 0x000000001b1b1800 Uncommon trap: reason=unstable_if action=reinterpret pc=0x0000000006719498 method=com.sun.tools.javac.code.Scope.enter(Lcom/sun/tools/javac/code/Symbol;Lcom/sun/tools/javac/code/Scope;Lcom/sun/tools/javac/code/Scope;Z)V @ 116
Event: 12.511 Thread 0x000000001b1b1800 Uncommon trap: reason=unstable_if action=reinterpret pc=0x0000000006578c58 method=com.sun.tools.javac.util.ListBuffer.append(Ljava/lang/Object;)Lcom/sun/tools/javac/util/ListBuffer; @ 9
Event: 12.544 Thread 0x000000001b1b1800 Uncommon trap: reason=unstable_if action=reinterpret pc=0x00000000067f65e4 method=com.sun.tools.javac.code.Scope.lookup(Lcom/sun/tools/javac/util/Name;Lcom/sun/tools/javac/util/Filter;)Lcom/sun/tools/javac/code/Scope$Entry; @ 19
Event: 12.545 Thread 0x000000001b1b1800 Uncommon trap: reason=unstable_if action=reinterpret pc=0x0000000006776224 method=com.sun.tools.javac.code.Symbol$TypeSymbol.formFullName(Lcom/sun/tools/javac/util/Name;Lcom/sun/tools/javac/code/Symbol;)Lcom/sun/tools/javac/util/Name; @ 22
Event: 12.545 Thread 0x000000001b1b1800 Uncommon trap: reason=unstable_if action=reinterpret pc=0x0000000006862aa4 method=com.sun.tools.javac.comp.Check.checkFlags(Lcom/sun/tools/javac/util/JCDiagnostic$DiagnosticPosition;JLcom/sun/tools/javac/code/Symbol;Lcom/sun/tools/javac/tree/JCTree;)J @ 67(•(Š‹%)@
Event: 12.573 Thread 0x000000001b1b1800 Uncommon trap: reason=unstable_if action=reinterpret pc=0x0000000006511738 method=com.sun.tools.javac.util.Convert.chars2utf([CI[BII)I @ 35
Event: 12.573 Thread 0x000000001b1b1800 Uncommon trap: reason=unstable_if action=reinterpret pc=0x000000000646cccc method=com.sun.tools.javac.util.Convert.chars2utf([CI[BII)I @ 35
Event: 12.588 Thread 0x000000001b1b1800 Uncommon trap: reason=class_check action=maybe_recompile pc=0x0000000006747b98 method=com.sun.tools.javac.code.Type.containsAny(Lcom/sun/tools/javac/util/List;)Z @ 6
Event: 12.588 Thread 0x000000001b1b1800 Uncommon trap: reason=class_check action=maybe_recompile pc=0x0000000006747b98 method=com.sun.tools.javac.code.Type.containsAny(Lcom/sun/tools/javac/util/List;)Z @ 6

Internal exceptions (10 events):
Event: 8.109 Thread 0x000000001b1b1800 Implicit null exception at 0x00000000056eadbe to 0x00000000056eafcd
Event: 8.333 Thread 0x00000000205e1000 Exception <a 'java/lang/NoSuchMethodError': <clinit>> (0x00000000e586be28) thrown at [D:\src\AOSP-openjdk-cygwin\jdk8u\hotspot\src\share\vm\prims\jni.cpp, line 1613]
Event: 8.333 Thread 0x00000000205e1000 Exception <a 'java/lang/NoSuchMethodError': <clinit>> (0x00000000e58770a8) thrown at [D:\src\AOSP-openjdk-cygwin\jdk8u\hotspot\src\share\vm\prims\jni.cpp, line 1613]
Event: 8.348 Thread 0x00000000205e1000 Exception <a 'java/lang/NoSuchMethodError': <clinit>> (0x00000000e5a2ad80) thrown at [D:\src\AOSP-openjdk-cygwin\jdk8u\hotspot\src\share\vm\prims\jni.cpp, line 1613]
Event: 8.348 Thread 0x00000000205e1000 Exception <a 'java/lang/NoSuchMethodError': <clinit>> (0x00000000e5a3db88) thrown at [D:\src\AOSP-openjdk-cygwin\jdk8u\hotspot\src\share\vm\prims\jni.cpp, line 1613]
Event: 8.349 Thread 0x00000000205e1000 Exception <a 'java/lang/NoSuchMethodError': <clinit>> (0x00000000e5a3f438) thrown at [D:\src\AOSP-openjdk-cygwin\jdk8u\hotspot\src\share\vm\prims\jni.cpp, line 1613]
Event: 9.134 Thread 0x00000000205dd800 Exception <a 'java/lang/NoSuchMethodError': <clinit>> (0x00000000e7f67d90) thrown at [D:\src\AOSP-openjdk-cygwin\jdk8u\hotspot\src\share\vm\prims\jni.cpp, line 1613]
Event: 9.552 Thread 0x000000001b1b1800 Exception <a 'java/lang/NoSuchMethodError': <clinit>> (0x00000000e0317578) thrown at [D:\src\AOSP-openjdk-cygwin\jdk8u\hotspot\src\share\vm\prims\jni.cpp, line 1613]
Event: 9.552 Thread 0x000000001b1b1800 Exception <a 'java/lang/NoSuchMethodError': <clinit>> (0x00000000e0321e18) thrown at [D:\src\AOSP-openjdk-cygwin\jdk8u\hotspot\src\share\vm\prims\jni.cpp, line 1613]
Event: 10.419 Thread 0x000000001b1b1800 Implicit null exception at 0x0000000005630267 to 0x0000000005631091

Events (10 events):
Event: 12.588 loading class com/sun/tools/javac/comp/Check$2 done
Event: 12.588 loading class com/sun/tools/javac/comp/Infer$InferenceContext$2
Event: 12.588 loading class com/sun/tools/javac/comp/Infer$InferenceContext$2 done
Event: 12.588 Thread 0x000000001b1b1800 Uncommon trap: trap_request=0xffffffde fr.pc=0x0000000006747b98
Event: 12.588 Thread 0x000000001b1b1800 DEOPT PACKING pc=0x0000000006747b98 sp=0x000000001db28d30
Event: 12.588 Thread 0x000000001b1b1800 DEOPT UNPACKING pc=0x0000000004d9556a sp=0x000000001db28cc8 mode 2
Event: 12.722 Executing VM operation: ForceSafepoint
Event: 12.723 Executing VM operation: ForceSafepoint done
Event: 12.907 Executing VM operation: ForceSafepoint
Event: 12.908 Executing VM operation: ForceSafepoint done


Dynamic libraries:
0x00007ff7cd370000 - 0x00007ff7cd3a1000 	D:\Dev\android-studio\jre\bin\java.exe
0x00007ffe4c2d0000 - 0x00007ffe4c4b0000 	C:\WINDOWS\SYSTEM32\ntdll.dll
0x00007ffe49890000 - 0x00007ffe4993e000 	C:\WINDOWS\System32\KERNEL32.DLL
0x00007ffe48720000 - 0x00007ffe48986000 	C:\WINDOWS\System32\KERNELBASE.dll
0x00007ffe4a520000 - 0x00007ffe4a5c1000 	C:\WINDOWS\System32\ADVAPI32.dll
0x00007ffe4ac20000 - 0x00007ffe4acbd000 	C:\WINDOWS\System32\msvcrt.dll
0x00007ffe4ab10000 - 0x00007ffe4ab6b000 	C:\WINDOWS\System32\sechost.dll
0x00007ffe4a400000 - 0x00007ffe4a51f000 	C:\WINDOWS\System32\RPCRT4.dll
0x00007ffe49b10000 - 0x00007ffe49c9f000 	C:\WINDOWS\System32\USER32.dll
0x00007ffe486b0000 - 0x00007ffe486d0000 	C:\WINDOWS\System32\win32u.dll
0x00007ffe4acc0000 - 0x00007ffe4ace8000 	C:\WINDOWS\System32\GDI32.dll
0x00007ffe49360000 - 0x00007ffe494f3000 	C:\WINDOWS\System32\gdi32full.dll
0x00007ffe492c0000 - 0x00007ffe4935b000 	C:\WINDOWS\System32\msvcp_win.dll
0x00007ffe491c0000 - 0x00007ffe492b6000 	C:\WINDOWS\System32\ucrtbase.dll
0x00007ffe3f930000 - 0x00007ffe3fb99000 	C:\WINDOWS\WinSxS\amd64_microsoft.windows.common-controls_6595b64144ccf1df_6.0.16299.431_none_15c7d3ee93659e73\COMCTL32.dll
0x00007ffe4a6a0000 - 0x00007ffe4a9a8000 	C:\WINDOWS\System32\combase.dll
0x00007ffe49140000 - 0x00007ffe491b2000 	C:\WINDOWS\System32\bcryptPrimitives.dll
0x00007ffe4ad50000 - 0x00007ffe4ad7d000 	C:\WINDOWS\System32\IMM32.DLL
0x000000006f9b0000 - 0x000000006fa82000 	D:\Dev\android-studio\jre\jre\bin\msvcr100.dll
0x000000006fa90000 - 0x00000000702ca000 	D:\Dev\android-studio\jre\jre\bin\server\jvm.dll
0x00007ffe4ad10000 - 0x00007ffe4ad18000 	C:\WINDOWS\System32\PSAPI.DLL
0x00007ffe417e0000 - 0x00007ffe417ea000 	C:\WINDOWS\SYSTEM32\VERSION.dll
0x00007ffe43cb0000 - 0x00007ffe43cd3000 	C:\WINDOWS\SYSTEM32\WINMM.dll
0x00007ffe3b1c0000 - 0x00007ffe3b1c9000 	C:\WINDOWS\SYSTEM32\WSOCK32.dll
0x00007ffe49aa0000 - 0x00007ffe49b0c000 	C:\WINDOWS\System32\WS2_32.dll
0x00007ffe43c30000 - 0x00007ffe43c5a000 	C:\WINDOWS\SYSTEM32\winmmbase.dll
0x00007ffe486d0000 - 0x00007ffe4871a000 	C:\WINDOWS\System32\cfgmgr32.dll
0x00007ffe438f0000 - 0x00007ffe438ff000 	D:\Dev\android-studio\jre\jre\bin\verify.dll
0x00007ffe3ade0000 - 0x00007ffe3ae09000 	D:\Dev\android-studio\jre\jre\bin\java.dll
0x00007ffe3adc0000 - 0x00007ffe3add6000 	D:\Dev\android-studio\jre\jre\bin\zip.dll
0x00007ffe4ae60000 - 0x00007ffe4c298000 	C:\WINDOWS\System32\SHELL32.dll
0x00007ffe4ab70000 - 0x00007ffe4ac16000 	C:\WINDOWS\System32\shcore.dll
0x00007ffe489f0000 - 0x00007ffe49137000 	C:\WINDOWS\System32\windows.storage.dll
0x00007ffe49a40000 - 0x00007ffe49a91000 	C:\WINDOWS\System32\shlwapi.dll
0x00007ffe48620000 - 0x00007ffe48631000 	C:\WINDOWS\System32\kernel.appcore.dll
0x00007ffe48660000 - 0x00007ffe486ac000 	C:\WINDOWS\System32\powrprof.dll
0x00007ffe48640000 - 0x00007ffe4865b000 	C:\WINDOWS\System32\profapi.dll
0x00007ffe31010000 - 0x00007ffe3102a000 	D:\Dev\android-studio\jre\jre\bin\net.dll
0x00007ffe47e90000 - 0x00007ffe47ef6000 	C:\WINDOWS\system32\mswsock.dll
0x00007ffe2f560000 - 0x00007ffe2f571000 	D:\Dev\android-studio\jre\jre\bin\nio.dll
0x00007ffe15c60000 - 0x00007ffe15c7e000 	C:\Users\Dingtu2\.gradle\native\25\windows-amd64\native-platform.dll
0x00007ffe48050000 - 0x00007ffe48067000 	C:\WINDOWS\SYSTEM32\CRYPTSP.dll
0x00007ffe47a90000 - 0x00007ffe47ac3000 	C:\WINDOWS\system32\rsaenh.dll
0x00007ffe48160000 - 0x00007ffe48185000 	C:\WINDOWS\SYSTEM32\bcrypt.dll
0x00007ffe48530000 - 0x00007ffe48559000 	C:\WINDOWS\SYSTEM32\USERENV.dll
0x00007ffe48070000 - 0x00007ffe4807b000 	C:\WINDOWS\SYSTEM32\CRYPTBASE.dll
0x00007ffe47c20000 - 0x00007ffe47c59000 	C:\WINDOWS\SYSTEM32\IPHLPAPI.DLL
0x00007ffe4ab00000 - 0x00007ffe4ab08000 	C:\WINDOWS\System32\NSI.dll
0x00007ffe3f660000 - 0x00007ffe3f676000 	C:\WINDOWS\SYSTEM32\dhcpcsvc6.DLL
0x00007ffe3f680000 - 0x00007ffe3f69a000 	C:\WINDOWS\SYSTEM32\dhcpcsvc.DLL
0x00007ffe31830000 - 0x00007ffe3183d000 	D:\Dev\android-studio\jre\jre\bin\management.dll

VM Arguments:
jvm_args: -Xmx1536m -Dfile.encoding=GBK -Duser.country=CN -Duser.language=zh -Duser.variant 
java_command: org.gradle.launcher.daemon.bootstrap.GradleDaemon 4.0-rc-1
java_class_path (initial): C:\Users\Dingtu2\.gradle\wrapper\dists\gradle-4.0-rc-1-all\2dvsomv3yp212iq7wr9ryseos\gradle-4.0-rc-1\lib\gradle-launcher-4.0.jar
Launcher Type: SUN_STANDARD

Environment Variables:
PATH=C:\Program Files\Microsoft MPI\Bin\;C:\ProgramData\Oracle\Java\javapath;C:\Program Files (x86)\Intel\iCLS Client\;C:\Program Files\Intel\iCLS Client\;C:\WINDOWS\system32;C:\WINDOWS;C:\WINDOWS\System32\Wbem;C:\WINDOWS\System32\WindowsPowerShell\v1.0\;C:\Program Files\Intel\Intel(R) Management Engine Components\DAL;C:\Program Files\Intel\Intel(R) Management Engine Components\IPT;C:\Program Files (x86)\Intel\Intel(R) Management Engine Components\DAL;C:\Program Files (x86)\Intel\Intel(R) Management Engine Components\IPT;C:\Program Files (x86)\Common Files\Lenovo;C:\SWTOOLS\ReadyApps;C:\Program Files\TortoiseSVN\bin;C:\Program Files\Microsoft\Web Platform Installer\;C:\Program Files (x86)\Microsoft ASP.NET\ASP.NET Web Pages\v1.0\;C:\Program Files (x86)\Windows Kits\8.0\Windows Performance Toolkit\;C:\Program Files\Microsoft SQL Server\110\Tools\Binn\;C:\Program Files\VisualSVN Server\bin;C:\Program Files (x86)\NVIDIA Corporation\PhysX\Common;C:\Program Files\Microsoft SQL Server\130\Tools\Binn\;C:\Program Files\dotnet\;C:\Program Files\Git\cmd;%SystemRoot%\system32;%SystemRoot%;%SystemRoot%\System32\Wbem;%SYSTEMROOT%\System32\WindowsPowerShell\v1.0\;C:\Users\Dingtu2\AppData\Local\Microsoft\WindowsApps;C:\Program Files (x86)\Nmap;C:\Users\Dingtu2\AppData\Local\Programs\Fiddler;C:\Users\Dingtu2\AppData\Local\Microsoft\WindowsApps;C:\Program Files\Java\jdk1.8.0_91\bin;
USERNAME=Dingtu2
OS=Windows_NT
PROCESSOR_IDENTIFIER=Intel64 Family 6 Model 60 Stepping 3, GenuineIntel



---------------  S Y S T E M  ---------------

OS: Windows 10.0 , 64 bit Build 16299 (10.0.16299.431)

CPU:total 4 (4 cores per cpu, 1 threads per core) family 6 model 60 stepping 3, cmov, cx8, fxsr, mmx, sse, sse2, sse3, ssse3, sse4.1, sse4.2, popcnt, avx, avx2, aes, clmul, erms, lzcnt, tsc, tscinvbit, bmi1, bmi2

Memory: 4k page, physical 8334184k(1369668k free), swap 10244392k(4492k free)

vm_info: OpenJDK 64-Bit Server VM (25.112-b736) for windows-amd64 JRE (1.8.0_112-release-736), built on Mar  6 2017 17:02:07 by "builder" with MS VC++ 10.0 (VS2010)

time: Tue Sep 11 17:44:15 2018
elapsed time: 12 seconds (0d 0h 0m 12s)

