#
# There is insufficient memory for the Java Runtime Environment to continue.
# Native memory allocation (malloc) failed to allocate 441776 bytes for Chunk::new
# Possible reasons:
#   The system is out of physical RAM or swap space
#   In 32 bit mode, the process size limit was hit
# Possible solutions:
#   Reduce memory load on the system
#   Increase physical memory or swap space
#   Check if swap backing store is full
#   Use 64 bit Java on a 64 bit OS
#   Decrease Java heap size (-Xmx/-Xms)
#   Decrease number of Java threads
#   Decrease Java thread stack sizes (-Xss)
#   Set larger code cache with -XX:ReservedCodeCacheSize=
# This output file may be truncated or incomplete.
#
#  Out of Memory Error (allocation.cpp:390), pid=25716, tid=0x0000000000003e7c
#
# JRE version: OpenJDK Runtime Environment (8.0_112) (build 1.8.0_112-release-736)
# Java VM: OpenJDK 64-Bit Server VM (25.112-b736 mixed mode windows-amd64 compressed oops)
# Failed to write core dump. Minidumps are not enabled by default on client versions of Windows
#

---------------  T H R E A D  ---------------

Current thread (0x00000000198b9000):  JavaThread "C2 CompilerThread1" daemon [_thread_in_native, id=15996, stack(0x0000000019fb0000,0x000000001a0b0000)]

Stack: [0x0000000019fb0000,0x000000001a0b0000]
[error occurred during error reporting (printing stack bounds), id 0xc0000005]

Native frames: (J=compiled Java code, j=interpreted, Vv=VM code, C=native code)


Current CompileTask:
C2:  18360 10993   !   4       java.lang.ClassLoader::checkCerts (195 bytes)


---------------  P R O C E S S  ---------------

Java Threads: ( => current thread )
  0x0000000020202800 JavaThread "Cache worker for Java compile cache (D:\Dev\workspace\MyApplication2\.gradle\4.0-rc-1\javaCompile)" [_thread_blocked, id=27692, stack(0x00000000256e0000,0x00000000257e0000)]
  0x0000000020204000 JavaThread "Task worker Thread 3" [_thread_blocked, id=7348, stack(0x00000000255e0000,0x00000000256e0000)]
  0x0000000020205800 JavaThread "Task worker Thread 2" [_thread_in_native, id=6384, stack(0x00000000254e0000,0x00000000255e0000)]
  0x00000000201f8000 JavaThread "Task worker" [_thread_blocked, id=26520, stack(0x00000000253e0000,0x00000000254e0000)]
  0x00000000201fe800 JavaThread "Cache worker for task history cache (D:\Dev\workspace\MyApplication2\.gradle\4.0-rc-1\taskHistory)" [_thread_blocked, id=24632, stack(0x00000000252e0000,0x00000000253e0000)]
  0x00000000201fe000 JavaThread "Cache worker for file content cache (D:\Dev\workspace\MyApplication2\.gradle\4.0-rc-1\fileContent)" [_thread_blocked, id=24116, stack(0x00000000251e0000,0x00000000252e0000)]
  0x00000000201fb000 JavaThread "Memory manager" [_thread_blocked, id=28332, stack(0x0000000023b60000,0x0000000023c60000)]
  0x0000000020201800 JavaThread "pool-1-thread-1" [_thread_blocked, id=10656, stack(0x0000000022580000,0x0000000022680000)]
  0x00000000201fc800 JavaThread "build operations Thread 4" [_thread_blocked, id=27096, stack(0x0000000022280000,0x0000000022380000)]
  0x00000000201ff800 JavaThread "build operations Thread 3" [_thread_blocked, id=27152, stack(0x0000000022180000,0x0000000022280000)]
  0x00000000201fa000 JavaThread "build operations Thread 2" [_thread_blocked, id=11396, stack(0x0000000022080000,0x0000000022180000)]
  0x00000000201fb800 JavaThread "build operations" [_thread_blocked, id=20976, stack(0x00000000208f0000,0x00000000209f0000)]
  0x00000000201f9800 JavaThread "Cache worker for Artifact transforms cache (C:\Users\Dingtu2\.gradle\caches\transforms-1)" [_thread_blocked, id=27972, stack(0x000000001f440000,0x000000001f540000)]
  0x000000001b269800 JavaThread "Cache worker for file hash cache (D:\Dev\workspace\MyApplication2\.gradle\4.0-rc-1\fileHashes)" [_thread_blocked, id=28500, stack(0x000000001deb0000,0x000000001dfb0000)]
  0x000000001b268800 JavaThread "File lock request listener" [_thread_in_native, id=27952, stack(0x000000001dbb0000,0x000000001dcb0000)]
  0x000000001b26b800 JavaThread "Cache worker for file hash cache (C:\Users\Dingtu2\.gradle\caches\4.0-rc-1\fileHashes)" [_thread_blocked, id=27588, stack(0x000000001dab0000,0x000000001dbb0000)]
  0x000000001b26f800 JavaThread "Stdin handler" [_thread_blocked, id=23812, stack(0x000000001d9b0000,0x000000001dab0000)]
  0x000000001b26a000 JavaThread "Asynchronous log dispatcher for DefaultDaemonConnection: socket connection from /127.0.0.1:23257 to /127.0.0.1:23258" [_thread_blocked, id=28496, stack(0x000000001d8b0000,0x000000001d9b0000)]
  0x000000001b26b000 JavaThread "Daemon worker" [_thread_blocked, id=21436, stack(0x000000001d7b0000,0x000000001d8b0000)]
  0x000000001b26d000 JavaThread "Cancel handler" [_thread_blocked, id=15576, stack(0x000000001d6b0000,0x000000001d7b0000)]
  0x000000001b26e800 JavaThread "Handler for socket connection from /127.0.0.1:23257 to /127.0.0.1:23258" [_thread_in_native, id=21664, stack(0x000000001d3b0000,0x000000001d4b0000)]
  0x000000001b26e000 JavaThread "Daemon" [_thread_blocked, id=10488, stack(0x000000001d2b0000,0x000000001d3b0000)]
  0x000000001b0a4800 JavaThread "Daemon periodic checks" [_thread_blocked, id=27940, stack(0x000000001d1b0000,0x000000001d2b0000)]
  0x000000001b4e7800 JavaThread "Incoming local TCP Connector on port 23257" [_thread_in_native, id=15672, stack(0x000000001bba0000,0x000000001bca0000)]
  0x0000000019933800 JavaThread "Service Thread" daemon [_thread_blocked, id=15776, stack(0x000000001a1b0000,0x000000001a2b0000)]
  0x00000000198bf800 JavaThread "C1 CompilerThread2" daemon [_thread_blocked, id=25660, stack(0x000000001a0b0000,0x000000001a1b0000)]
=>0x00000000198b9000 JavaThread "C2 CompilerThread1" daemon [_thread_in_native, id=15996, stack(0x0000000019fb0000,0x000000001a0b0000)]
  0x000000001847b000 JavaThread "C2 CompilerThread0" daemon [_thread_blocked, id=27820, stack(0x0000000019eb0000,0x0000000019fb0000)]
  0x000000001847a000 JavaThread "Attach Listener" daemon [_thread_blocked, id=2812, stack(0x0000000019db0000,0x0000000019eb0000)]
  0x000000001842f800 JavaThread "Signal Dispatcher" daemon [_thread_blocked, id=22864, stack(0x0000000019cb0000,0x0000000019db0000)]
  0x0000000004aaa000 JavaThread "Finalizer" daemon [_thread_blocked, id=21780, stack(0x00000000196a0000,0x00000000197a0000)]
  0x0000000004aa1000 JavaThread "Reference Handler" daemon [_thread_blocked, id=7552, stack(0x00000000195a0000,0x00000000196a0000)]
  0x00000000044ad800 JavaThread "main" [_thread_blocked, id=25176, stack(0x00000000048b0000,0x00000000049b0000)]

Other Threads:
  0x00000000183e5800 VMThread [stack: 0x00000000194a0000,0x00000000195a0000] [id=26372]
  0x0000000019934800 WatcherThread [stack: 0x000000001a2b0000,0x000000001a3b0000] [id=27560]

VM state:not at safepoint (normal execution)

VM Mutex/Monitor currently owned by a thread: None

Heap:
 PSYoungGen      total 232448K, used 96252K [0x00000000e0000000, 0x00000000f0380000, 0x0000000100000000)
  eden space 217088K, 37% used [0x00000000e0000000,0x00000000e4f06010,0x00000000ed400000)
  from space 15360K, 99% used [0x00000000ef480000,0x00000000f03791f0,0x00000000f0380000)
  to   space 23040K, 0% used [0x00000000ed680000,0x00000000ed680000,0x00000000eed00000)
 ParOldGen       total 103424K, used 42382K [0x00000000a0000000, 0x00000000a6500000, 0x00000000e0000000)
  object space 103424K, 40% used [0x00000000a0000000,0x00000000a2963ac8,0x00000000a6500000)
 Metaspace       used 60473K, capacity 62588K, committed 62808K, reserved 1103872K
  class space    used 7897K, capacity 8456K, committed 8576K, reserved 1048576K

Card table byte_map: [0x0000000013e70000,0x0000000014180000] byte_map_base: 0x0000000013970000

Marking Bits: (ParMarkBitMap*) 0x000000007024f8f0
 Begin Bits: [0x0000000014780000, 0x0000000015f80000)
 End Bits:   [0x0000000015f80000, 0x0000000017780000)

Polling page: 0x0000000002e60000

CodeCache: size=245760Kb used=31263Kb max_used=32446Kb free=214496Kb
 bounds [0x0000000004ab0000, 0x0000000006ac0000, 0x0000000013ab0000]
 total_blobs=9991 nmethods=9230 adapters=673
 compilation: enabled

Compilation events (10 events):
Event: 18.339 Thread 0x00000000198bf800 11041       3       com.sun.org.apache.xerces.internal.dom.DocumentImpl::insertingNode (17 bytes)
Event: 18.339 Thread 0x00000000198bf800 nmethod 11041 0x00000000060958d0 code [0x0000000006095a40, 0x0000000006095cc8]
Event: 18.339 Thread 0x00000000198bf800 11042       3       com.sun.org.apache.xerces.internal.dom.DocumentImpl::insertedNode (252 bytes)
Event: 18.340 Thread 0x00000000198bf800 nmethod 11042 0x0000000006602f90 code [0x00000000066032e0, 0x0000000006605058]
Event: 18.340 Thread 0x00000000198bf800 11043       3       com.sun.org.apache.xerces.internal.dom.ParentNode::checkNormalizationAfterInsert (63 bytes)
Event: 18.341 Thread 0x00000000198bf800 nmethod 11043 0x00000000061f9150 code [0x00000000061f9320, 0x00000000061f9d68]
Event: 18.343 Thread 0x000000001847b000 11049       4       java.lang.String::isEmpty (14 bytes)
Event: 18.344 Thread 0x000000001847b000 nmethod 11049 0x0000000006168810 code [0x0000000006168940, 0x00000000061689b8]
Event: 18.345 Thread 0x00000000198bf800 11050 %     3       com.android.ide.common.res2.FileResourceNameValidator::getErrorTextForNameWithoutExtension @ 23 (117 bytes)
Event: 18.347 Thread 0x00000000198bf800 nmethod 11050% 0x0000000005b7e390 code [0x0000000005b7e780, 0x0000000005b80cb8]

GC Heap History (10 events):
Event: 7.465 GC heap before
{Heap before GC invocations=11 (full 2):
 PSYoungGen      total 150528K, used 150415K [0x00000000e0000000, 0x00000000ea880000, 0x0000000100000000)
  eden space 139776K, 100% used [0x00000000e0000000,0x00000000e8880000,0x00000000e8880000)
  from space 10752K, 98% used [0x00000000e9e00000,0x00000000ea863d50,0x00000000ea880000)
  to   space 12288K, 0% used [0x00000000e9080000,0x00000000e9080000,0x00000000e9c80000)
 ParOldGen       total 103424K, used 17224K [0x00000000a0000000, 0x00000000a6500000, 0x00000000e0000000)
  object space 103424K, 16% used [0x00000000a0000000,0x00000000a10d2018,0x00000000a6500000)
 Metaspace       used 48128K, capacity 49582K, committed 49880K, reserved 1091584K
  class space    used 6442K, capacity 6840K, committed 6912K, reserved 1048576K
Event: 7.483 GC heap after
Heap after GC invocations=11 (full 2):
 PSYoungGen      total 160256K, used 12278K [0x00000000e0000000, 0x00000000ec680000, 0x0000000100000000)
  eden space 147968K, 0% used [0x00000000e0000000,0x00000000e0000000,0x00000000e9080000)
  from space 12288K, 99% used [0x00000000e9080000,0x00000000e9c7da88,0x00000000e9c80000)
  to   space 15360K, 0% used [0x00000000eb780000,0x00000000eb780000,0x00000000ec680000)
 ParOldGen       total 103424K, used 21420K [0x00000000a0000000, 0x00000000a6500000, 0x00000000e0000000)
  object space 103424K, 20% used [0x00000000a0000000,0x00000000a14eb2e0,0x00000000a6500000)
 Metaspace       used 48128K, capacity 49582K, committed 49880K, reserved 1091584K
  class space    used 6442K, capacity 6840K, committed 6912K, reserved 1048576K
}
Event: 9.762 GC heap before
{Heap before GC invocations=12 (full 2):
 PSYoungGen      total 160256K, used 160246K [0x00000000e0000000, 0x00000000ec680000, 0x0000000100000000)
  eden space 147968K, 100% used [0x00000000e0000000,0x00000000e9080000,0x00000000e9080000)
  from space 12288K, 99% used [0x00000000e9080000,0x00000000e9c7da88,0x00000000e9c80000)
  to   space 15360K, 0% used [0x00000000eb780000,0x00000000eb780000,0x00000000ec680000)
 ParOldGen       total 103424K, used 21420K [0x00000000a0000000, 0x00000000a6500000, 0x00000000e0000000)
  object space 103424K, 20% used [0x00000000a0000000,0x00000000a14eb2e0,0x00000000a6500000)
 Metaspace       used 54933K, capacity 56958K, committed 57048K, reserved 1097728K
  class space    used 7417K, capacity 7933K, committed 7936K, reserved 1048576K
Event: 9.801 GC heap after
Heap after GC invocations=12 (full 2):
 PSYoungGen      total 181248K, used 15329K [0x00000000e0000000, 0x00000000ede00000, 0x0000000100000000)
  eden space 165888K, 0% used [0x00000000e0000000,0x00000000e0000000,0x00000000ea200000)
  from space 15360K, 99% used [0x00000000eb780000,0x00000000ec678700,0x00000000ec680000)
  to   space 22016K, 0% used [0x00000000ea200000,0x00000000ea200000,0x00000000eb780000)
 ParOldGen       total 103424K, used 34758K [0x00000000a0000000, 0x00000000a6500000, 0x00000000e0000000)
  object space 103424K, 33% used [0x00000000a0000000,0x00000000a21f1a80,0x00000000a6500000)
 Metaspace       used 54933K, capacity 56958K, committed 57048K, reserved 1097728K
  class space    used 7417K, capacity 7933K, committed 7936K, reserved 1048576K
}
Event: 9.926 GC heap before
{Heap before GC invocations=13 (full 2):
 PSYoungGen      total 181248K, used 20821K [0x00000000e0000000, 0x00000000ede00000, 0x0000000100000000)
  eden space 165888K, 3% used [0x00000000e0000000,0x00000000e055cde8,0x00000000ea200000)
  from space 15360K, 99% used [0x00000000eb780000,0x00000000ec678700,0x00000000ec680000)
  to   space 22016K, 0% used [0x00000000ea200000,0x00000000ea200000,0x00000000eb780000)
 ParOldGen       total 103424K, used 34758K [0x00000000a0000000, 0x00000000a6500000, 0x00000000e0000000)
  object space 103424K, 33% used [0x00000000a0000000,0x00000000a21f1a80,0x00000000a6500000)
 Metaspace       used 56866K, capacity 58878K, committed 59028K, reserved 1099776K
  class space    used 7658K, capacity 8189K, committed 8192K, reserved 1048576K
Event: 9.940 GC heap after
Heap after GC invocations=13 (full 2):
 PSYoungGen      total 187904K, used 15893K [0x00000000e0000000, 0x00000000f0a80000, 0x0000000100000000)
  eden space 165888K, 0% used [0x00000000e0000000,0x00000000e0000000,0x00000000ea200000)
  from space 22016K, 72% used [0x00000000ea200000,0x00000000eb185710,0x00000000eb780000)
  to   space 22528K, 0% used [0x00000000ef480000,0x00000000ef480000,0x00000000f0a80000)
 ParOldGen       total 103424K, used 34766K [0x00000000a0000000, 0x00000000a6500000, 0x00000000e0000000)
  object space 103424K, 33% used [0x00000000a0000000,0x00000000a21f3a80,0x00000000a6500000)
 Metaspace       used 56866K, capacity 58878K, committed 59028K, reserved 1099776K
  class space    used 7658K, capacity 8189K, committed 8192K, reserved 1048576K
}
Event: 9.940 GC heap before
{Heap before GC invocations=14 (full 3):
 PSYoungGen      total 187904K, used 15893K [0x00000000e0000000, 0x00000000f0a80000, 0x0000000100000000)
  eden space 165888K, 0% used [0x00000000e0000000,0x00000000e0000000,0x00000000ea200000)
  from space 22016K, 72% used [0x00000000ea200000,0x00000000eb185710,0x00000000eb780000)
  to   space 22528K, 0% used [0x00000000ef480000,0x00000000ef480000,0x00000000f0a80000)
 ParOldGen       total 103424K, used 34766K [0x00000000a0000000, 0x00000000a6500000, 0x00000000e0000000)
  object space 103424K, 33% used [0x00000000a0000000,0x00000000a21f3a80,0x00000000a6500000)
 Metaspace       used 56866K, capacity 58878K, committed 59028K, reserved 1099776K
  class space    used 7658K, capacity 8189K, committed 8192K, reserved 1048576K
Event: 10.142 GC heap after
Heap after GC invocations=14 (full 3):
 PSYoungGen      total 187904K, used 0K [0x00000000e0000000, 0x00000000f0a80000, 0x0000000100000000)
  eden space 165888K, 0% used [0x00000000e0000000,0x00000000e0000000,0x00000000ea200000)
  from space 22016K, 0% used [0x00000000ea200000,0x00000000ea200000,0x00000000eb780000)
  to   space 22528K, 0% used [0x00000000ef480000,0x00000000ef480000,0x00000000f0a80000)
 ParOldGen       total 103424K, used 42382K [0x00000000a0000000, 0x00000000a6500000, 0x00000000e0000000)
  object space 103424K, 40% used [0x00000000a0000000,0x00000000a2963ac8,0x00000000a6500000)
 Metaspace       used 56866K, capacity 58878K, committed 59028K, reserved 1099776K
  class space    used 7658K, capacity 8189K, committed 8192K, reserved 1048576K
}
Event: 14.441 GC heap before
{Heap before GC invocations=15 (full 3):
 PSYoungGen      total 187904K, used 165884K [0x00000000e0000000, 0x00000000f0a80000, 0x0000000100000000)
  eden space 165888K, 99% used [0x00000000e0000000,0x00000000ea1ff188,0x00000000ea200000)
  from space 22016K, 0% used [0x00000000ea200000,0x00000000ea200000,0x00000000eb780000)
  to   space 22528K, 0% used [0x00000000ef480000,0x00000000ef480000,0x00000000f0a80000)
 ParOldGen       total 103424K, used 42382K [0x00000000a0000000, 0x00000000a6500000, 0x00000000e0000000)
  object space 103424K, 40% used [0x00000000a0000000,0x00000000a2963ac8,0x00000000a6500000)
 Metaspace       used 59384K, capacity 61374K, committed 61528K, reserved 1101824K
  class space    used 7797K, capacity 8317K, committed 8320K, reserved 1048576K
Event: 14.473 GC heap after
Heap after GC invocations=15 (full 3):
 PSYoungGen      total 232448K, used 15332K [0x00000000e0000000, 0x00000000f0380000, 0x0000000100000000)
  eden space 217088K, 0% used [0x00000000e0000000,0x00000000e0000000,0x00000000ed400000)
  from space 15360K, 99% used [0x00000000ef480000,0x00000000f03791f0,0x00000000f0380000)
  to   space 23040K, 0% used [0x00000000ed680000,0x00000000ed680000,0x00000000eed00000)
 ParOldGen       total 103424K, used 42382K [0x00000000a0000000, 0x00000000a6500000, 0x00000000e0000000)
  object space 103424K, 40% used [0x00000000a0000000,0x00000000a2963ac8,0x00000000a6500000)
 Metaspace       used 59384K, capacity 61374K, committed 61528K, reserved 1101824K
  class space    used 7797K, capacity 8317K, committed 8320K, reserved 1048576K
}

Deoptimization events (10 events):
Event: 15.656 Thread 0x0000000020205800 Uncommon trap: reason=unstable_if action=reinterpret pc=0x00000000055ddaec method=com.sun.org.apache.xerces.internal.dom.DeferredDocumentImpl.getPrevSibling(IZ)I @ 2
Event: 15.656 Thread 0x0000000020205800 Uncommon trap: reason=unstable_if action=reinterpret pc=0x0000000005426678 method=com.sun.org.apache.xerces.internal.dom.DeferredDocumentImpl.clearChunkValue([[Ljava/lang/Object;II)Ljava/lang/String; @ 3
Event: 15.656 Thread 0x0000000020205800 Uncommon trap: reason=bimorphic action=maybe_recompile pc=0x000000000555a740 method=com.sun.org.apache.xerces.internal.dom.NamedNodeMapImpl.findNamePoint(Ljava/lang/String;I)I @ 57
Event: 15.658 Thread 0x0000000020205800 Uncommon trap: reason=bimorphic action=maybe_recompile pc=0x000000000555a740 method=com.sun.org.apache.xerces.internal.dom.NamedNodeMapImpl.findNamePoint(Ljava/lang/String;I)I @ 57
Event: 15.739 Thread 0x0000000020205800 Uncommon trap: reason=unstable_if action=reinterpret pc=0x000000000699f79c method=java.lang.String.regionMatches(ZILjava/lang/String;II)Z @ 123
Event: 15.747 Thread 0x0000000020205800 Uncommon trap: reason=speculate_class_check action=maybe_recompile pc=0x00000000053a971c method=java.util.AbstractList.listIterator()Ljava/util/ListIterator; @ 2
Event: 15.747 Thread 0x0000000020205800 Uncommon trap: reason=speculate_class_check action=maybe_recompile pc=0x00000000053a971c method=java.util.AbstractList.listIterator()Ljava/util/ListIterator; @ 2
Event: 15.747 Thread 0x0000000020205800 Uncommon trap: reason=speculate_class_check action=maybe_recompile pc=0x00000000053a971c method=java.util.AbstractList.listIterator()Ljava/util/ListIterator; @ 2
Event: 18.306 Thread 0x0000000020205800 Uncommon trap: reason=unstable_if action=reinterpret pc=0x00000000069946a4 method=java.lang.String.regionMatches(ILjava/lang/String;II)Z @ 39
Event: 18.334 Thread 0x0000000020205800 Uncommon trap: reason=bimorphic action=maybe_recompile pc=0x00000000055dc67c method=com.sun.org.apache.xerces.internal.impl.XMLEntityScanner.load(IZZ)Z @ 81

Internal exceptions (10 events):
Event: 8.388 Thread 0x000000001b26b000 Exception <a 'java/lang/ClassNotFoundException': java/util/PropertiesCustomizer> (0x00000000e497da20) thrown at [D:\src\AOSP-openjdk-cygwin\jdk8u\hotspot\src\share\vm\classfile\systemDictionary.cpp, line 210]
Event: 8.411 Thread 0x000000001b26b000 Implicit null exception at 0x000000000544b1f9 to 0x000000000544b3fd
Event: 8.640 Thread 0x000000001b26b000 Exception <a 'java/lang/NoSuchMethodError': <clinit>> (0x00000000e565b298) thrown at [D:\src\AOSP-openjdk-cygwin\jdk8u\hotspot\src\share\vm\prims\jni.cpp, line 1613]
Event: 8.641 Thread 0x000000001b26b000 Exception <a 'java/lang/NoSuchMethodError': <clinit>> (0x00000000e5669e48) thrown at [D:\src\AOSP-openjdk-cygwin\jdk8u\hotspot\src\share\vm\prims\jni.cpp, line 1613]
Event: 8.651 Thread 0x000000001b26b000 Exception <a 'java/lang/NoSuchMethodError': <clinit>> (0x00000000e56f9410) thrown at [D:\src\AOSP-openjdk-cygwin\jdk8u\hotspot\src\share\vm\prims\jni.cpp, line 1613]
Event: 8.654 Thread 0x000000001b26b000 Exception <a 'java/lang/NoSuchMethodError': <clinit>> (0x00000000e5715110) thrown at [D:\src\AOSP-openjdk-cygwin\jdk8u\hotspot\src\share\vm\prims\jni.cpp, line 1613]
Event: 8.654 Thread 0x000000001b26b000 Exception <a 'java/lang/NoSuchMethodError': <clinit>> (0x00000000e5716f78) thrown at [D:\src\AOSP-openjdk-cygwin\jdk8u\hotspot\src\share\vm\prims\jni.cpp, line 1613]
Event: 9.657 Thread 0x0000000020204000 Implicit null exception at 0x0000000005d8ba0c to 0x0000000005d908e5
Event: 14.665 Thread 0x0000000020204000 Exception <a 'java/lang/NoSuchMethodError': <clinit>> (0x00000000e09ef8b0) thrown at [D:\src\AOSP-openjdk-cygwin\jdk8u\hotspot\src\share\vm\prims\jni.cpp, line 1613]
Event: 15.656 Thread 0x0000000020205800 Implicit null exception at 0x00000000054264de to 0x0000000005426661

Events (10 events):
Event: 18.311 loading class com/sun/org/apache/xerces/internal/dom/ParentNode$UserDataRecord done
Event: 18.311 loading class com/sun/org/apache/xerces/internal/util/EntityResolver2Wrapper
Event: 18.312 loading class com/sun/org/apache/xerces/internal/util/EntityResolver2Wrapper done
Event: 18.312 loading class com/android/utils/PositionXmlParser$Position
Event: 18.312 loading class com/android/utils/PositionXmlParser$Position done
Event: 18.334 Thread 0x0000000020205800 Uncommon trap: trap_request=0xffffffc6 fr.pc=0x00000000055dc67c
Event: 18.334 Thread 0x0000000020205800 DEOPT PACKING pc=0x00000000055dc67c sp=0x00000000255dc670
Event: 18.334 Thread 0x0000000020205800 DEOPT UNPACKING pc=0x0000000004af556a sp=0x00000000255dc568 mode 2
Event: 18.338 loading class com/android/resources/FolderTypeRelationship
Event: 18.338 loading class com/android/resources/FolderTypeRelationship done


Dynamic libraries:
0x00007ff7cd370000 - 0x00007ff7cd3a1000 	D:\Dev\android-studio\jre\bin\java.exe
0x00007ffe4c2d0000 - 0x00007ffe4c4b0000 	C:\WINDOWS\SYSTEM32\ntdll.dll
0x00007ffe49890000 - 0x00007ffe4993e000 	C:\WINDOWS\System32\KERNEL32.DLL
0x00007ffe48720000 - 0x00007ffe48986000 	C:\WINDOWS\System32\KERNELBASE.dll
0x00007ffe4a520000 - 0x00007ffe4a5c1000 	C:\WINDOWS\System32\ADVAPI32.dll
0x00007ffe4ac20000 - 0x00007ffe4acbd000 	C:\WINDOWS\System32\msvcrt.dll
0x00007ffe4ab10000 - 0x00007ffe4ab6b000 	C:\WINDOWS\System32\sechost.dll
0x00007ffe4a400000 - 0x00007ffe4a51f000 	C:\WINDOWS\System32\RPCRT4.dll
0x00007ffe49b10000 - 0x00007ffe49c9f000 	C:\WINDOWS\System32\USER32.dll
0x00007ffe486b0000 - 0x00007ffe486d0000 	C:\WINDOWS\System32\win32u.dll
0x00007ffe4acc0000 - 0x00007ffe4ace8000 	C:\WINDOWS\System32\GDI32.dll
0x00007ffe49360000 - 0x00007ffe494f3000 	C:\WINDOWS\System32\gdi32full.dll
0x00007ffe492c0000 - 0x00007ffe4935b000 	C:\WINDOWS\System32\msvcp_win.dll
0x00007ffe491c0000 - 0x00007ffe492b6000 	C:\WINDOWS\System32\ucrtbase.dll
0x00007ffe3f930000 - 0x00007ffe3fb99000 	C:\WINDOWS\WinSxS\amd64_microsoft.windows.common-controls_6595b64144ccf1df_6.0.16299.431_none_15c7d3ee93659e73\COMCTL32.dll
0x00007ffe4a6a0000 - 0x00007ffe4a9a8000 	C:\WINDOWS\System32\combase.dll
0x00007ffe49140000 - 0x00007ffe491b2000 	C:\WINDOWS\System32\bcryptPrimitives.dll
0x00007ffe4ad50000 - 0x00007ffe4ad7d000 	C:\WINDOWS\System32\IMM32.DLL
0x000000006f9b0000 - 0x000000006fa82000 	D:\Dev\android-studio\jre\jre\bin\msvcr100.dll
0x000000006fa90000 - 0x00000000702ca000 	D:\Dev\android-studio\jre\jre\bin\server\jvm.dll
0x00007ffe4ad10000 - 0x00007ffe4ad18000 	C:\WINDOWS\System32\PSAPI.DLL
0x00007ffe43cb0000 - 0x00007ffe43cd3000 	C:\WINDOWS\SYSTEM32\WINMM.dll
0x00007ffe3b1c0000 - 0x00007ffe3b1c9000 	C:\WINDOWS\SYSTEM32\WSOCK32.dll
0x00007ffe49aa0000 - 0x00007ffe49b0c000 	C:\WINDOWS\System32\WS2_32.dll
0x00007ffe417e0000 - 0x00007ffe417ea000 	C:\WINDOWS\SYSTEM32\VERSION.dll
0x00007ffe43c30000 - 0x00007ffe43c5a000 	C:\WINDOWS\SYSTEM32\WINMMBASE.dll
0x00007ffe486d0000 - 0x00007ffe4871a000 	C:\WINDOWS\System32\cfgmgr32.dll
0x00007ffe438f0000 - 0x00007ffe438ff000 	D:\Dev\android-studio\jre\jre\bin\verify.dll
0x00007ffe3ade0000 - 0x00007ffe3ae09000 	D:\Dev\android-studio\jre\jre\bin\java.dll
0x00007ffe3adc0000 - 0x00007ffe3add6000 	D:\Dev\android-studio\jre\jre\bin\zip.dll
0x00007ffe4ae60000 - 0x00007ffe4c298000 	C:\WINDOWS\System32\SHELL32.dll
0x00007ffe4ab70000 - 0x00007ffe4ac16000 	C:\WINDOWS\System32\shcore.dll
0x00007ffe489f0000 - 0x00007ffe49137000 	C:\WINDOWS\System32\windows.storage.dll
0x00007ffe49a40000 - 0x00007ffe49a91000 	C:\WINDOWS\System32\shlwapi.dll
0x00007ffe48620000 - 0x00007ffe48631000 	C:\WINDOWS\System32\kernel.appcore.dll
0x00007ffe48660000 - 0x00007ffe486ac000 	C:\WINDOWS\System32\powrprof.dll
0x00007ffe48640000 - 0x00007ffe4865b000 	C:\WINDOWS\System32\profapi.dll
0x00007ffe31010000 - 0x00007ffe3102a000 	D:\Dev\android-studio\jre\jre\bin\net.dll
0x00007ffe47e90000 - 0x00007ffe47ef6000 	C:\WINDOWS\system32\mswsock.dll
0x00007ffe2f560000 - 0x00007ffe2f571000 	D:\Dev\android-studio\jre\jre\bin\nio.dll
0x00007ffe15c60000 - 0x00007ffe15c7e000 	C:\Users\Dingtu2\.gradle\native\25\windows-amd64\native-platform.dll
0x00007ffe48050000 - 0x00007ffe48067000 	C:\WINDOWS\SYSTEM32\CRYPTSP.dll
0x00007ffe47a90000 - 0x00007ffe47ac3000 	C:\WINDOWS\system32\rsaenh.dll
0x00007ffe48160000 - 0x00007ffe48185000 	C:\WINDOWS\SYSTEM32\bcrypt.dll
0x00007ffe48530000 - 0x00007ffe48559000 	C:\WINDOWS\SYSTEM32\USERENV.dll
0x00007ffe48070000 - 0x00007ffe4807b000 	C:\WINDOWS\SYSTEM32\CRYPTBASE.dll
0x00007ffe47c20000 - 0x00007ffe47c59000 	C:\WINDOWS\SYSTEM32\IPHLPAPI.DLL
0x00007ffe4ab00000 - 0x00007ffe4ab08000 	C:\WINDOWS\System32\NSI.dll
0x00007ffe3f660000 - 0x00007ffe3f676000 	C:\WINDOWS\SYSTEM32\dhcpcsvc6.DLL
0x00007ffe3f680000 - 0x00007ffe3f69a000 	C:\WINDOWS\SYSTEM32\dhcpcsvc.DLL
0x00007ffe31830000 - 0x00007ffe3183d000 	D:\Dev\android-studio\jre\jre\bin\management.dll

VM Arguments:
jvm_args: -Xmx1536m -Dfile.encoding=GBK -Duser.country=CN -Duser.language=zh -Duser.variant 
java_command: org.gradle.launcher.daemon.bootstrap.GradleDaemon 4.0-rc-1
java_class_path (initial): C:\Users\Dingtu2\.gradle\wrapper\dists\gradle-4.0-rc-1-all\2dvsomv3yp212iq7wr9ryseos\gradle-4.0-rc-1\lib\gradle-launcher-4.0.jar
Launcher Type: SUN_STANDARD

Environment Variables:
PATH=C:\Program Files\Microsoft MPI\Bin\;C:\ProgramData\Oracle\Java\javapath;C:\Program Files (x86)\Intel\iCLS Client\;C:\Program Files\Intel\iCLS Client\;C:\WINDOWS\system32;C:\WINDOWS;C:\WINDOWS\System32\Wbem;C:\WINDOWS\System32\WindowsPowerShell\v1.0\;C:\Program Files\Intel\Intel(R) Management Engine Components\DAL;C:\Program Files\Intel\Intel(R) Management Engine Components\IPT;C:\Program Files (x86)\Intel\Intel(R) Management Engine Components\DAL;C:\Program Files (x86)\Intel\Intel(R) Management Engine Components\IPT;C:\Program Files (x86)\Common Files\Lenovo;C:\SWTOOLS\ReadyApps;C:\Program Files\TortoiseSVN\bin;C:\Program Files\Microsoft\Web Platform Installer\;C:\Program Files (x86)\Microsoft ASP.NET\ASP.NET Web Pages\v1.0\;C:\Program Files (x86)\Windows Kits\8.0\Windows Performance Toolkit\;C:\Program Files\Microsoft SQL Server\110\Tools\Binn\;C:\Program Files\VisualSVN Server\bin;C:\Program Files (x86)\NVIDIA Corporation\PhysX\Common;C:\Program Files\Microsoft SQL Server\130\Tools\Binn\;C:\Program Files\dotnet\;C:\Program Files\Git\cmd;%SystemRoot%\system32;%SystemRoot%;%SystemRoot%\System32\Wbem;%SYSTEMROOT%\System32\WindowsPowerShell\v1.0\;C:\Users\Dingtu2\AppData\Local\Microsoft\WindowsApps;C:\Program Files (x86)\Nmap;C:\Users\Dingtu2\AppData\Local\Programs\Fiddler;C:\Users\Dingtu2\AppData\Local\Microsoft\WindowsApps;C:\Program Files\Java\jdk1.8.0_91\bin;
USERNAME=Dingtu2
OS=Windows_NT
PROCESSOR_IDENTIFIER=Intel64 Family 6 Model 60 Stepping 3, GenuineIntel



---------------  S Y S T E M  ---------------

OS: Windows 10.0 , 64 bit Build 16299 (10.0.16299.431)

CPU:total 4 (4 cores per cpu, 1 threads per core) family 6 model 60 stepping 3, cmov, cx8, fxsr, mmx, sse, sse2, sse3, ssse3, sse4.1, sse4.2, popcnt, avx, avx2, aes, clmul, erms, lzcnt, tsc, tscinvbit, bmi1, bmi2

Memory: 4k page, physical 8334184k(1356248k free), swap 10244392k(5116k free)

vm_info: OpenJDK 64-Bit Server VM (25.112-b736) for windows-amd64 JRE (1.8.0_112-release-736), built on Mar  6 2017 17:02:07 by "builder" with MS VC++ 10.0 (VS2010)

time: Tue Sep 11 18:24:32 2018
elapsed time: 18 seconds (0d 0h 0m 18s)

