#
# There is insufficient memory for the Java Runtime Environment to continue.
# Native memory allocation (malloc) failed to allocate 1749776 bytes for Chunk::new
# Possible reasons:
#   The system is out of physical RAM or swap space
#   In 32 bit mode, the process size limit was hit
# Possible solutions:
#   Reduce memory load on the system
#   Increase physical memory or swap space
#   Check if swap backing store is full
#   Use 64 bit Java on a 64 bit OS
#   Decrease Java heap size (-Xmx/-Xms)
#   Decrease number of Java threads
#   Decrease Java thread stack sizes (-Xss)
#   Set larger code cache with -XX:ReservedCodeCacheSize=
# This output file may be truncated or incomplete.
#
#  Out of Memory Error (allocation.cpp:390), pid=26868, tid=0x0000000000005dfc
#
# JRE version: OpenJDK Runtime Environment (8.0_112) (build 1.8.0_112-release-736)
# Java VM: OpenJDK 64-Bit Server VM (25.112-b736 mixed mode windows-amd64 compressed oops)
# Failed to write core dump. Minidumps are not enabled by default on client versions of Windows
#

---------------  T H R E A D  ---------------

Current thread (0x00000000185e9000):  JavaThread "C2 CompilerThread0" daemon [_thread_in_native, id=24060, stack(0x0000000019fe0000,0x000000001a0e0000)]

Stack: [0x0000000019fe0000,0x000000001a0e0000]
[error occurred during error reporting (printing stack bounds), id 0xc0000005]

Native frames: (J=compiled Java code, j=interpreted, Vv=VM code, C=native code)


Current CompileTask:
C2:  11575 8512       4       com.sun.tools.javac.parser.JavacParser::term3 (2502 bytes)


---------------  P R O C E S S  ---------------

Java Threads: ( => current thread )
  0x0000000020fd8000 JavaThread "Cache worker for Java compile cache (D:\Dev\workspace\MyApplication2\.gradle\4.0-rc-1\javaCompile)" [_thread_blocked, id=24300, stack(0x00000000250c0000,0x00000000251c0000)]
  0x0000000020fd9800 JavaThread "Task worker Thread 3" [_thread_blocked, id=26888, stack(0x0000000024fc0000,0x00000000250c0000)]
  0x0000000020fdb000 JavaThread "Task worker Thread 2" [_thread_in_Java, id=23436, stack(0x0000000024ec0000,0x0000000024fc0000)]
  0x0000000020fdf000 JavaThread "Task worker" [_thread_blocked, id=25652, stack(0x0000000024dc0000,0x0000000024ec0000)]
  0x0000000020fd7800 JavaThread "Cache worker for task history cache (D:\Dev\workspace\MyApplication2\.gradle\4.0-rc-1\taskHistory)" [_thread_blocked, id=16648, stack(0x0000000024a00000,0x0000000024b00000)]
  0x0000000020fdd800 JavaThread "Cache worker for file content cache (D:\Dev\workspace\MyApplication2\.gradle\4.0-rc-1\fileContent)" [_thread_blocked, id=3668, stack(0x0000000024700000,0x0000000024800000)]
  0x000000001c8a0000 JavaThread "Memory manager" [_thread_blocked, id=17360, stack(0x00000000239a0000,0x0000000023aa0000)]
  0x000000001c89c000 JavaThread "pool-1-thread-1" [_thread_blocked, id=25424, stack(0x00000000238a0000,0x00000000239a0000)]
  0x000000001c89f000 JavaThread "build operations Thread 4" [_thread_blocked, id=24864, stack(0x00000000233a0000,0x00000000234a0000)]
  0x000000001c89e800 JavaThread "build operations Thread 3" [_thread_blocked, id=14468, stack(0x00000000232a0000,0x00000000233a0000)]
  0x000000001c8a2000 JavaThread "build operations Thread 2" [_thread_blocked, id=25536, stack(0x00000000231a0000,0x00000000232a0000)]
  0x000000001c89b800 JavaThread "build operations" [_thread_blocked, id=4616, stack(0x00000000230a0000,0x00000000231a0000)]
  0x000000001c89d000 JavaThread "Cache worker for Artifact transforms cache (C:\Users\Dingtu2\.gradle\caches\transforms-1)" [_thread_blocked, id=25016, stack(0x000000001f4c0000,0x000000001f5c0000)]
  0x000000001c026000 JavaThread "Cache worker for file hash cache (D:\Dev\workspace\MyApplication2\.gradle\4.0-rc-1\fileHashes)" [_thread_blocked, id=23116, stack(0x000000001dff0000,0x000000001e0f0000)]
  0x000000001bec4800 JavaThread "File lock request listener" [_thread_in_native, id=22276, stack(0x000000001dcf0000,0x000000001ddf0000)]
  0x000000001af4f800 JavaThread "Cache worker for file hash cache (C:\Users\Dingtu2\.gradle\caches\4.0-rc-1\fileHashes)" [_thread_blocked, id=27548, stack(0x000000001dbf0000,0x000000001dcf0000)]
  0x000000001af53800 JavaThread "Stdin handler" [_thread_blocked, id=27584, stack(0x000000001daf0000,0x000000001dbf0000)]
  0x000000001af50000 JavaThread "Asynchronous log dispatcher for DefaultDaemonConnection: socket connection from /127.0.0.1:11374 to /127.0.0.1:11375" [_thread_blocked, id=10948, stack(0x000000001d9f0000,0x000000001daf0000)]
  0x000000001ae97800 JavaThread "Daemon worker" [_thread_blocked, id=25796, stack(0x000000001d8f0000,0x000000001d9f0000)]
  0x000000001b534000 JavaThread "Cancel handler" [_thread_blocked, id=17196, stack(0x000000001d7f0000,0x000000001d8f0000)]
  0x000000001b6c9800 JavaThread "Handler for socket connection from /127.0.0.1:11374 to /127.0.0.1:11375" [_thread_in_native, id=26652, stack(0x000000001d4f0000,0x000000001d5f0000)]
  0x000000001b740000 JavaThread "Daemon" [_thread_blocked, id=104, stack(0x000000001d3f0000,0x000000001d4f0000)]
  0x000000001b0eb000 JavaThread "Daemon periodic checks" [_thread_blocked, id=25276, stack(0x000000001d2f0000,0x000000001d3f0000)]
  0x000000001ae0b000 JavaThread "Incoming local TCP Connector on port 11374" [_thread_in_native, id=27324, stack(0x000000001bcb0000,0x000000001bdb0000)]
  0x0000000019a60800 JavaThread "Service Thread" daemon [_thread_blocked, id=27312, stack(0x000000001a2e0000,0x000000001a3e0000)]
  0x00000000199ee800 JavaThread "C1 CompilerThread2" daemon [_thread_in_vm, id=26468, stack(0x000000001a1e0000,0x000000001a2e0000)]
  0x00000000185ed000 JavaThread "C2 CompilerThread1" daemon [_thread_in_native, id=27172, stack(0x000000001a0e0000,0x000000001a1e0000)]
=>0x00000000185e9000 JavaThread "C2 CompilerThread0" daemon [_thread_in_native, id=24060, stack(0x0000000019fe0000,0x000000001a0e0000)]
  0x000000001859e800 JavaThread "Attach Listener" daemon [_thread_blocked, id=24976, stack(0x0000000019ee0000,0x0000000019fe0000)]
  0x00000000199e8800 JavaThread "Signal Dispatcher" daemon [_thread_blocked, id=27608, stack(0x0000000019de0000,0x0000000019ee0000)]
  0x0000000018578000 JavaThread "Finalizer" daemon [_thread_blocked, id=24320, stack(0x00000000197e0000,0x00000000198e0000)]
  0x0000000004ba1000 JavaThread "Reference Handler" daemon [_thread_blocked, id=17080, stack(0x00000000196e0000,0x00000000197e0000)]
  0x0000000004c1d800 JavaThread "main" [_thread_blocked, id=14544, stack(0x0000000004650000,0x0000000004750000)]

Other Threads:
  0x0000000018555800 VMThread [stack: 0x00000000195e0000,0x00000000196e0000] [id=22532]
  0x0000000019a7b800 WatcherThread [stack: 0x000000001a3e0000,0x000000001a4e0000] [id=2720]

VM state:not at safepoint (normal execution)

VM Mutex/Monitor currently owned by a thread: None

Heap:
 PSYoungGen      total 180736K, used 54039K [0x00000000e0000000, 0x00000000eed00000, 0x0000000100000000)
  eden space 158720K, 34% used [0x00000000e0000000,0x00000000e34c5d50,0x00000000e9b00000)
  from space 22016K, 0% used [0x00000000e9b00000,0x00000000e9b00000,0x00000000eb080000)
  to   space 22528K, 0% used [0x00000000ed700000,0x00000000ed700000,0x00000000eed00000)
 ParOldGen       total 163840K, used 42242K [0x00000000a0000000, 0x00000000aa000000, 0x00000000e0000000)
  object space 163840K, 25% used [0x00000000a0000000,0x00000000a2940b50,0x00000000aa000000)
 Metaspace       used 58105K, capacity 60258K, committed 60504K, reserved 1101824K
  class space    used 7722K, capacity 8287K, committed 8320K, reserved 1048576K

Card table byte_map: [0x0000000013fe0000,0x00000000142f0000] byte_map_base: 0x0000000013ae0000

Marking Bits: (ParMarkBitMap*) 0x000000007024f8f0
 Begin Bits: [0x00000000148f0000, 0x00000000160f0000)
 End Bits:   [0x00000000160f0000, 0x00000000178f0000)

Polling page: 0x0000000002e20000

CodeCache: size=245760Kb used=25235Kb max_used=25235Kb free=220524Kb
 bounds [0x0000000004c20000, 0x00000000064f0000, 0x0000000013c20000]
 total_blobs=8509 nmethods=7750 adapters=671
 compilation: enabled

Compilation events (10 events):
Event: 11.565 Thread 0x00000000199ee800 8986       2       com.sun.tools.javac.tree.JCTree$Visitor::<init> (5 bytes)
Event: 11.565 Thread 0x00000000199ee800 nmethod 8986 0x00000000064d9ad0 code [0x00000000064d9c20, 0x00000000064d9d70]
Event: 11.565 Thread 0x00000000199ee800 8987       1       com.sun.tools.javac.code.Type$MethodType::getReturnType (5 bytes)
Event: 11.565 Thread 0x00000000199ee800 nmethod 8987 0x00000000064d9e10 code [0x00000000064d9f60, 0x00000000064da070]
Event: 11.565 Thread 0x00000000199ee800 8988       2       com.sun.tools.javac.jvm.ClassReader::attachAnnotations (255 bytes)
Event: 11.566 Thread 0x00000000199ee800 nmethod 8988 0x00000000064da0d0 code [0x00000000064da2c0, 0x00000000064daa68]
Event: 11.566 Thread 0x00000000199ee800 8990       2       java.lang.String::regionMatches (149 bytes)
Event: 11.567 Thread 0x00000000199ee800 nmethod 8990 0x00000000064db1d0 code [0x00000000064db3c0, 0x00000000064db8f8]
Event: 11.567 Thread 0x00000000199ee800 8989       2       com.sun.tools.javac.jvm.ClassReader$AnnotationCompleter::<init> (29 bytes)
Event: 11.567 Thread 0x00000000199ee800 nmethod 8989 0x00000000064dbed0 code [0x00000000064dc040, 0x00000000064dc248]

GC Heap History (10 events):
Event: 6.302 GC heap before
{Heap before GC invocations=10 (full 2):
 PSYoungGen      total 110592K, used 99840K [0x00000000e0000000, 0x00000000ead00000, 0x0000000100000000)
  eden space 99840K, 100% used [0x00000000e0000000,0x00000000e6180000,0x00000000e6180000)
  from space 10752K, 0% used [0x00000000e6180000,0x00000000e6180000,0x00000000e6c00000)
  to   space 11776K, 0% used [0x00000000ea180000,0x00000000ea180000,0x00000000ead00000)
 ParOldGen       total 103424K, used 17188K [0x00000000a0000000, 0x00000000a6500000, 0x00000000e0000000)
  object space 103424K, 16% used [0x00000000a0000000,0x00000000a10c9268,0x00000000a6500000)
 Metaspace       used 40674K, capacity 41732K, committed 42200K, reserved 1085440K
  class space    used 5430K, capacity 5788K, committed 5888K, reserved 1048576K
Event: 6.313 GC heap after
Heap after GC invocations=10 (full 2):
 PSYoungGen      total 147456K, used 10923K [0x00000000e0000000, 0x00000000eac80000, 0x0000000100000000)
  eden space 136192K, 0% used [0x00000000e0000000,0x00000000e0000000,0x00000000e8500000)
  from space 11264K, 96% used [0x00000000ea180000,0x00000000eac2ac58,0x00000000eac80000)
  to   space 12800K, 0% used [0x00000000e9380000,0x00000000e9380000,0x00000000ea000000)
 ParOldGen       total 103424K, used 17196K [0x00000000a0000000, 0x00000000a6500000, 0x00000000e0000000)
  object space 103424K, 16% used [0x00000000a0000000,0x00000000a10cb268,0x00000000a6500000)
 Metaspace       used 40674K, capacity 41732K, committed 42200K, reserved 1085440K
  class space    used 5430K, capacity 5788K, committed 5888K, reserved 1048576K
}
Event: 7.613 GC heap before
{Heap before GC invocations=11 (full 2):
 PSYoungGen      total 147456K, used 147115K [0x00000000e0000000, 0x00000000eac80000, 0x0000000100000000)
  eden space 136192K, 100% used [0x00000000e0000000,0x00000000e8500000,0x00000000e8500000)
  from space 11264K, 96% used [0x00000000ea180000,0x00000000eac2ac58,0x00000000eac80000)
  to   space 12800K, 0% used [0x00000000e9380000,0x00000000e9380000,0x00000000ea000000)
 ParOldGen       total 103424K, used 17196K [0x00000000a0000000, 0x00000000a6500000, 0x00000000e0000000)
  object space 103424K, 16% used [0x00000000a0000000,0x00000000a10cb268,0x00000000a6500000)
 Metaspace       used 47757K, capacity 49138K, committed 49240K, reserved 1091584K
  class space    used 6383K, capacity 6769K, committed 6784K, reserved 1048576K
Event: 7.627 GC heap after
Heap after GC invocations=11 (full 2):
 PSYoungGen      total 163840K, used 12785K [0x00000000e0000000, 0x00000000ebf80000, 0x0000000100000000)
  eden space 151040K, 0% used [0x00000000e0000000,0x00000000e0000000,0x00000000e9380000)
  from space 12800K, 99% used [0x00000000e9380000,0x00000000e9ffc5c8,0x00000000ea000000)
  to   space 15360K, 0% used [0x00000000eb080000,0x00000000eb080000,0x00000000ebf80000)
 ParOldGen       total 103424K, used 20693K [0x00000000a0000000, 0x00000000a6500000, 0x00000000e0000000)
  object space 103424K, 20% used [0x00000000a0000000,0x00000000a1435788,0x00000000a6500000)
 Metaspace       used 47757K, capacity 49138K, committed 49240K, reserved 1091584K
  class space    used 6383K, capacity 6769K, committed 6784K, reserved 1048576K
}
Event: 9.855 GC heap before
{Heap before GC invocations=12 (full 2):
 PSYoungGen      total 163840K, used 163825K [0x00000000e0000000, 0x00000000ebf80000, 0x0000000100000000)
  eden space 151040K, 100% used [0x00000000e0000000,0x00000000e9380000,0x00000000e9380000)
  from space 12800K, 99% used [0x00000000e9380000,0x00000000e9ffc5c8,0x00000000ea000000)
  to   space 15360K, 0% used [0x00000000eb080000,0x00000000eb080000,0x00000000ebf80000)
 ParOldGen       total 103424K, used 20693K [0x00000000a0000000, 0x00000000a6500000, 0x00000000e0000000)
  object space 103424K, 20% used [0x00000000a0000000,0x00000000a1435788,0x00000000a6500000)
 Metaspace       used 53424K, capacity 55600K, committed 55896K, reserved 1097728K
  class space    used 7181K, capacity 7724K, committed 7808K, reserved 1048576K
Event: 9.892 GC heap after
Heap after GC invocations=12 (full 2):
 PSYoungGen      total 174080K, used 15358K [0x00000000e0000000, 0x00000000edf80000, 0x0000000100000000)
  eden space 158720K, 0% used [0x00000000e0000000,0x00000000e0000000,0x00000000e9b00000)
  from space 15360K, 99% used [0x00000000eb080000,0x00000000ebf7f9f0,0x00000000ebf80000)
  to   space 22016K, 0% used [0x00000000e9b00000,0x00000000e9b00000,0x00000000eb080000)
 ParOldGen       total 103424K, used 33986K [0x00000000a0000000, 0x00000000a6500000, 0x00000000e0000000)
  object space 103424K, 32% used [0x00000000a0000000,0x00000000a2130928,0x00000000a6500000)
 Metaspace       used 53424K, capacity 55600K, committed 55896K, reserved 1097728K
  class space    used 7181K, capacity 7724K, committed 7808K, reserved 1048576K
}
Event: 10.792 GC heap before
{Heap before GC invocations=13 (full 2):
 PSYoungGen      total 174080K, used 69419K [0x00000000e0000000, 0x00000000edf80000, 0x0000000100000000)
  eden space 158720K, 34% used [0x00000000e0000000,0x00000000e34cb508,0x00000000e9b00000)
  from space 15360K, 99% used [0x00000000eb080000,0x00000000ebf7f9f0,0x00000000ebf80000)
  to   space 22016K, 0% used [0x00000000e9b00000,0x00000000e9b00000,0x00000000eb080000)
 ParOldGen       total 103424K, used 33986K [0x00000000a0000000, 0x00000000a6500000, 0x00000000e0000000)
  object space 103424K, 32% used [0x00000000a0000000,0x00000000a2130928,0x00000000a6500000)
 Metaspace       used 56723K, capacity 58882K, committed 59028K, reserved 1099776K
  class space    used 7645K, capacity 8191K, committed 8192K, reserved 1048576K
Event: 10.812 GC heap after
Heap after GC invocations=13 (full 2):
 PSYoungGen      total 180736K, used 14465K [0x00000000e0000000, 0x00000000eed00000, 0x0000000100000000)
  eden space 158720K, 0% used [0x00000000e0000000,0x00000000e0000000,0x00000000e9b00000)
  from space 22016K, 65% used [0x00000000e9b00000,0x00000000ea920730,0x00000000eb080000)
  to   space 22528K, 0% used [0x00000000ed700000,0x00000000ed700000,0x00000000eed00000)
 ParOldGen       total 103424K, used 38490K [0x00000000a0000000, 0x00000000a6500000, 0x00000000e0000000)
  object space 103424K, 37% used [0x00000000a0000000,0x00000000a2596a50,0x00000000a6500000)
 Metaspace       used 56723K, capacity 58882K, committed 59028K, reserved 1099776K
  class space    used 7645K, capacity 8191K, committed 8192K, reserved 1048576K
}
Event: 10.812 GC heap before
{Heap before GC invocations=14 (full 3):
 PSYoungGen      total 180736K, used 14465K [0x00000000e0000000, 0x00000000eed00000, 0x0000000100000000)
  eden space 158720K, 0% used [0x00000000e0000000,0x00000000e0000000,0x00000000e9b00000)
  from space 22016K, 65% used [0x00000000e9b00000,0x00000000ea920730,0x00000000eb080000)
  to   space 22528K, 0% used [0x00000000ed700000,0x00000000ed700000,0x00000000eed00000)
 ParOldGen       total 103424K, used 38490K [0x00000000a0000000, 0x00000000a6500000, 0x00000000e0000000)
  object space 103424K, 37% used [0x00000000a0000000,0x00000000a2596a50,0x00000000a6500000)
 Metaspace       used 56723K, capacity 58882K, committed 59028K, reserved 1099776K
  class space    used 7645K, capacity 8191K, committed 8192K, reserved 1048576K
Event: 11.022 GC heap after
Heap after GC invocations=14 (full 3):
 PSYoungGen      total 180736K, used 0K [0x00000000e0000000, 0x00000000eed00000, 0x0000000100000000)
  eden space 158720K, 0% used [0x00000000e0000000,0x00000000e0000000,0x00000000e9b00000)
  from space 22016K, 0% used [0x00000000e9b00000,0x00000000e9b00000,0x00000000eb080000)
  to   space 22528K, 0% used [0x00000000ed700000,0x00000000ed700000,0x00000000eed00000)
 ParOldGen       total 163840K, used 42242K [0x00000000a0000000, 0x00000000aa000000, 0x00000000e0000000)
  object space 163840K, 25% used [0x00000000a0000000,0x00000000a2940b50,0x00000000aa000000)
 Metaspace       used 56723K, capacity 58882K, committed 59028K, reserved 1099776K
  class space    used 7645K, capacity 8191K, committed 8192K, reserved 1048576K
}

Deoptimization events (10 events):
Event: 11.085 Thread 0x0000000020fdb000 Uncommon trap: reason=unstable_if action=reinterpret pc=0x00000000059f67f8 method=java.lang.CharacterData.of(I)Ljava/lang/CharacterData; @ 4
Event: 11.090 Thread 0x0000000020fdb000 Uncommon trap: reason=unstable_if action=reinterpret pc=0x00000000050de1ac method=sun.nio.cs.UTF_8$Decoder.decodeArrayLoop(Ljava/nio/ByteBuffer;Ljava/nio/CharBuffer;)Ljava/nio/charset/CoderResult; @ 84
Event: 11.110 Thread 0x0000000020fdb000 Uncommon trap: reason=unstable_if action=reinterpret pc=0x00000000062d3c98 method=com.sun.tools.javac.parser.UnicodeReader.scanChar()V @ 37
Event: 11.110 Thread 0x0000000020fdb000 Uncommon trap: reason=unstable_if action=reinterpret pc=0x00000000062cf814 method=com.sun.tools.javac.parser.UnicodeReader.scanChar()V @ 37
Event: 11.112 Thread 0x0000000020fdb000 Uncommon trap: reason=unstable_if action=reinterpret pc=0x0000000006281c48 method=com.sun.tools.javac.parser.UnicodeReader.scanChar()V @ 37
Event: 11.159 Thread 0x0000000020fdb000 Uncommon trap: reason=unstable_if action=reinterpret pc=0x00000000062e3e88 method=sun.nio.cs.UTF_8$Decoder.decodeArrayLoop(Ljava/nio/ByteBuffer;Ljava/nio/CharBuffer;)Ljava/nio/charset/CoderResult; @ 167
Event: 11.176 Thread 0x0000000020fdb000 Uncommon trap: reason=unstable_if action=reinterpret pc=0x0000000004d22bf0 method=com.sun.tools.javac.parser.UnicodeReader.scanCommentChar()V @ 10
Event: 11.225 Thread 0x0000000020fdb000 Uncommon trap: reason=unstable_if action=reinterpret pc=0x00000000063b4368 method=com.sun.tools.javac.parser.UnicodeReader.scanChar()V @ 37
Event: 11.297 Thread 0x0000000020fdb000 Uncommon trap: reason=unstable_if action=reinterpret pc=0x00000000063438f4 method=com.sun.tools.javac.util.ArrayUtils.ensureCapacity([CI)[C @ 3
Event: 11.373 Thread 0x0000000020fdb000 Uncommon trap: reason=predicate action=maybe_recompile pc=0x00000000061a5448 method=java.util.Collections.indexedBinarySearch(Ljava/util/List;Ljava/lang/Object;)I @ 16

Internal exceptions (10 events):
Event: 8.534 Thread 0x000000001ae97800 Implicit null exception at 0x00000000055a7dbb to 0x00000000055a7fc1
Event: 8.764 Thread 0x0000000020fdb000 Exception <a 'java/lang/NoSuchMethodError': <clinit>> (0x00000000e5b27460) thrown at [D:\src\AOSP-openjdk-cygwin\jdk8u\hotspot\src\share\vm\prims\jni.cpp, line 1613]
Event: 8.765 Thread 0x0000000020fdb000 Exception <a 'java/lang/NoSuchMethodError': <clinit>> (0x00000000e5b326e0) thrown at [D:\src\AOSP-openjdk-cygwin\jdk8u\hotspot\src\share\vm\prims\jni.cpp, line 1613]
Event: 8.778 Thread 0x0000000020fdb000 Exception <a 'java/lang/NoSuchMethodError': <clinit>> (0x00000000e5c4e0c8) thrown at [D:\src\AOSP-openjdk-cygwin\jdk8u\hotspot\src\share\vm\prims\jni.cpp, line 1613]
Event: 8.778 Thread 0x0000000020fdb000 Exception <a 'java/lang/NoSuchMethodError': <clinit>> (0x00000000e5c60ed0) thrown at [D:\src\AOSP-openjdk-cygwin\jdk8u\hotspot\src\share\vm\prims\jni.cpp, line 1613]
Event: 8.778 Thread 0x0000000020fdb000 Exception <a 'java/lang/NoSuchMethodError': <clinit>> (0x00000000e5c62780) thrown at [D:\src\AOSP-openjdk-cygwin\jdk8u\hotspot\src\share\vm\prims\jni.cpp, line 1613]
Event: 9.422 Thread 0x0000000020fd9800 Exception <a 'java/lang/NoSuchMethodError': <clinit>> (0x00000000e7cf7f18) thrown at [D:\src\AOSP-openjdk-cygwin\jdk8u\hotspot\src\share\vm\prims\jni.cpp, line 1613]
Event: 9.926 Thread 0x0000000020fdb000 Exception <a 'java/lang/NoSuchMethodError': <clinit>> (0x00000000e04eb558) thrown at [D:\src\AOSP-openjdk-cygwin\jdk8u\hotspot\src\share\vm\prims\jni.cpp, line 1613]
Event: 9.927 Thread 0x0000000020fdb000 Exception <a 'java/lang/NoSuchMethodError': <clinit>> (0x00000000e04f4900) thrown at [D:\src\AOSP-openjdk-cygwin\jdk8u\hotspot\src\share\vm\prims\jni.cpp, line 1613]
Event: 10.611 Thread 0x0000000020fdb000 Implicit null exception at 0x0000000005f2161c to 0x0000000005f24401

Events (10 events):
Event: 11.481 loading class com/sun/tools/javac/comp/MemberEnter$5
Event: 11.481 loading class com/sun/tools/javac/comp/MemberEnter$5 done
Event: 11.481 loading class com/sun/tools/javac/comp/MemberEnter$6
Event: 11.481 loading class com/sun/tools/javac/comp/MemberEnter$6 done
Event: 11.485 Thread 0x0000000020fdb000 DEOPT PACKING pc=0x0000000006349800 sp=0x0000000024fbbab0
Event: 11.485 Thread 0x0000000020fdb000 DEOPT UNPACKING pc=0x0000000004c675bf sp=0x0000000024fbb808 mode 0
Event: 11.512 Thread 0x0000000020fdb000 DEOPT PACKING pc=0x0000000006438b41 sp=0x0000000024fbc550
Event: 11.512 Thread 0x0000000020fdb000 DEOPT UNPACKING pc=0x0000000004c675bf sp=0x0000000024fbc2c0 mode 0
Event: 11.566 loading class com/sun/tools/javac/jvm/ClassReader$AnnotationDefaultCompleter
Event: 11.566 loading class com/sun/tools/javac/jvm/ClassReader$AnnotationDefaultCompleter done


Dynamic libraries:
0x00007ff7cd370000 - 0x00007ff7cd3a1000 	D:\Dev\android-studio\jre\bin\java.exe
0x00007ffe4c2d0000 - 0x00007ffe4c4b0000 	C:\WINDOWS\SYSTEM32\ntdll.dll
0x00007ffe49890000 - 0x00007ffe4993e000 	C:\WINDOWS\System32\KERNEL32.DLL
0x00007ffe48720000 - 0x00007ffe48986000 	C:\WINDOWS\System32\KERNELBASE.dll
0x00007ffe4a520000 - 0x00007ffe4a5c1000 	C:\WINDOWS\System32\ADVAPI32.dll
0x00007ffe4ac20000 - 0x00007ffe4acbd000 	C:\WINDOWS\System32\msvcrt.dll
0x00007ffe4ab10000 - 0x00007ffe4ab6b000 	C:\WINDOWS\System32\sechost.dll
0x00007ffe4a400000 - 0x00007ffe4a51f000 	C:\WINDOWS\System32\RPCRT4.dll
0x00007ffe49b10000 - 0x00007ffe49c9f000 	C:\WINDOWS\System32\USER32.dll
0x00007ffe486b0000 - 0x00007ffe486d0000 	C:\WINDOWS\System32\win32u.dll
0x00007ffe4acc0000 - 0x00007ffe4ace8000 	C:\WINDOWS\System32\GDI32.dll
0x00007ffe49360000 - 0x00007ffe494f3000 	C:\WINDOWS\System32\gdi32full.dll
0x00007ffe492c0000 - 0x00007ffe4935b000 	C:\WINDOWS\System32\msvcp_win.dll
0x00007ffe491c0000 - 0x00007ffe492b6000 	C:\WINDOWS\System32\ucrtbase.dll
0x00007ffe3f930000 - 0x00007ffe3fb99000 	C:\WINDOWS\WinSxS\amd64_microsoft.windows.common-controls_6595b64144ccf1df_6.0.16299.431_none_15c7d3ee93659e73\COMCTL32.dll
0x00007ffe4a6a0000 - 0x00007ffe4a9a8000 	C:\WINDOWS\System32\combase.dll
0x00007ffe49140000 - 0x00007ffe491b2000 	C:\WINDOWS\System32\bcryptPrimitives.dll
0x00007ffe4ad50000 - 0x00007ffe4ad7d000 	C:\WINDOWS\System32\IMM32.DLL
0x000000006f9b0000 - 0x000000006fa82000 	D:\Dev\android-studio\jre\jre\bin\msvcr100.dll
0x000000006fa90000 - 0x00000000702ca000 	D:\Dev\android-studio\jre\jre\bin\server\jvm.dll
0x00007ffe4ad10000 - 0x00007ffe4ad18000 	C:\WINDOWS\System32\PSAPI.DLL
0x00007ffe3b1c0000 - 0x00007ffe3b1c9000 	C:\WINDOWS\SYSTEM32\WSOCK32.dll
0x00007ffe43cb0000 - 0x00007ffe43cd3000 	C:\WINDOWS\SYSTEM32\WINMM.dll
0x00007ffe49aa0000 - 0x00007ffe49b0c000 	C:\WINDOWS\System32\WS2_32.dll
0x00007ffe417e0000 - 0x00007ffe417ea000 	C:\WINDOWS\SYSTEM32\VERSION.dll
0x00007ffe43c30000 - 0x00007ffe43c5a000 	C:\WINDOWS\SYSTEM32\WINMMBASE.dll
0x00007ffe486d0000 - 0x00007ffe4871a000 	C:\WINDOWS\System32\cfgmgr32.dll
0x00007ffe438f0000 - 0x00007ffe438ff000 	D:\Dev\android-studio\jre\jre\bin\verify.dll
0x00007ffe3ade0000 - 0x00007ffe3ae09000 	D:\Dev\android-studio\jre\jre\bin\java.dll
0x00007ffe3adc0000 - 0x00007ffe3add6000 	D:\Dev\android-studio\jre\jre\bin\zip.dll
0x00007ffe4ae60000 - 0x00007ffe4c298000 	C:\WINDOWS\System32\SHELL32.dll
0x00007ffe4ab70000 - 0x00007ffe4ac16000 	C:\WINDOWS\System32\shcore.dll
0x00007ffe489f0000 - 0x00007ffe49137000 	C:\WINDOWS\System32\windows.storage.dll
0x00007ffe49a40000 - 0x00007ffe49a91000 	C:\WINDOWS\System32\shlwapi.dll
0x00007ffe48620000 - 0x00007ffe48631000 	C:\WINDOWS\System32\kernel.appcore.dll
0x00007ffe48660000 - 0x00007ffe486ac000 	C:\WINDOWS\System32\powrprof.dll
0x00007ffe48640000 - 0x00007ffe4865b000 	C:\WINDOWS\System32\profapi.dll
0x00007ffe31010000 - 0x00007ffe3102a000 	D:\Dev\android-studio\jre\jre\bin\net.dll
0x00007ffe47e90000 - 0x00007ffe47ef6000 	C:\WINDOWS\system32\mswsock.dll
0x00007ffe2f560000 - 0x00007ffe2f571000 	D:\Dev\android-studio\jre\jre\bin\nio.dll
0x00007ffe15c60000 - 0x00007ffe15c7e000 	C:\Users\Dingtu2\.gradle\native\25\windows-amd64\native-platform.dll
0x00007ffe48050000 - 0x00007ffe48067000 	C:\WINDOWS\SYSTEM32\CRYPTSP.dll
0x00007ffe47a90000 - 0x00007ffe47ac3000 	C:\WINDOWS\system32\rsaenh.dll
0x00007ffe48160000 - 0x00007ffe48185000 	C:\WINDOWS\SYSTEM32\bcrypt.dll
0x00007ffe48530000 - 0x00007ffe48559000 	C:\WINDOWS\SYSTEM32\USERENV.dll
0x00007ffe48070000 - 0x00007ffe4807b000 	C:\WINDOWS\SYSTEM32\CRYPTBASE.dll
0x00007ffe47c20000 - 0x00007ffe47c59000 	C:\WINDOWS\SYSTEM32\IPHLPAPI.DLL
0x00007ffe4ab00000 - 0x00007ffe4ab08000 	C:\WINDOWS\System32\NSI.dll
0x00007ffe3f660000 - 0x00007ffe3f676000 	C:\WINDOWS\SYSTEM32\dhcpcsvc6.DLL
0x00007ffe3f680000 - 0x00007ffe3f69a000 	C:\WINDOWS\SYSTEM32\dhcpcsvc.DLL
0x00007ffe31830000 - 0x00007ffe3183d000 	D:\Dev\android-studio\jre\jre\bin\management.dll

VM Arguments:
jvm_args: -Xmx1536m -Dfile.encoding=GBK -Duser.country=CN -Duser.language=zh -Duser.variant 
java_command: org.gradle.launcher.daemon.bootstrap.GradleDaemon 4.0-rc-1
java_class_path (initial): C:\Users\Dingtu2\.gradle\wrapper\dists\gradle-4.0-rc-1-all\2dvsomv3yp212iq7wr9ryseos\gradle-4.0-rc-1\lib\gradle-launcher-4.0.jar
Launcher Type: SUN_STANDARD

Environment Variables:
PATH=C:\Program Files\Microsoft MPI\Bin\;C:\ProgramData\Oracle\Java\javapath;C:\Program Files (x86)\Intel\iCLS Client\;C:\Program Files\Intel\iCLS Client\;C:\WINDOWS\system32;C:\WINDOWS;C:\WINDOWS\System32\Wbem;C:\WINDOWS\System32\WindowsPowerShell\v1.0\;C:\Program Files\Intel\Intel(R) Management Engine Components\DAL;C:\Program Files\Intel\Intel(R) Management Engine Components\IPT;C:\Program Files (x86)\Intel\Intel(R) Management Engine Components\DAL;C:\Program Files (x86)\Intel\Intel(R) Management Engine Components\IPT;C:\Program Files (x86)\Common Files\Lenovo;C:\SWTOOLS\ReadyApps;C:\Program Files\TortoiseSVN\bin;C:\Program Files\Microsoft\Web Platform Installer\;C:\Program Files (x86)\Microsoft ASP.NET\ASP.NET Web Pages\v1.0\;C:\Program Files (x86)\Windows Kits\8.0\Windows Performance Toolkit\;C:\Program Files\Microsoft SQL Server\110\Tools\Binn\;C:\Program Files\VisualSVN Server\bin;C:\Program Files (x86)\NVIDIA Corporation\PhysX\Common;C:\Program Files\Microsoft SQL Server\130\Tools\Binn\;C:\Program Files\dotnet\;C:\Program Files\Git\cmd;%SystemRoot%\system32;%SystemRoot%;%SystemRoot%\System32\Wbem;%SYSTEMROOT%\System32\WindowsPowerShell\v1.0\;C:\Users\Dingtu2\AppData\Local\Microsoft\WindowsApps;C:\Program Files (x86)\Nmap;C:\Users\Dingtu2\AppData\Local\Programs\Fiddler;C:\Users\Dingtu2\AppData\Local\Microsoft\WindowsApps;C:\Program Files\Java\jdk1.8.0_91\bin;
USERNAME=Dingtu2
OS=Windows_NT
PROCESSOR_IDENTIFIER=Intel64 Family 6 Model 60 Stepping 3, GenuineIntel



---------------  S Y S T E M  ---------------

OS: Windows 10.0 , 64 bit Build 16299 (10.0.16299.431)

CPU:total 4 (4 cores per cpu, 1 threads per core) family 6 model 60 stepping 3, cmov, cx8, fxsr, mmx, sse, sse2, sse3, ssse3, sse4.1, sse4.2, popcnt, avx, avx2, aes, clmul, erms, lzcnt, tsc, tscinvbit, bmi1, bmi2

Memory: 4k page, physical 8334184k(1375664k free), swap 10244392k(5612k free)

vm_info: OpenJDK 64-Bit Server VM (25.112-b736) for windows-amd64 JRE (1.8.0_112-release-736), built on Mar  6 2017 17:02:07 by "builder" with MS VC++ 10.0 (VS2010)

time: Tue Sep 11 17:45:48 2018
elapsed time: 11 seconds (0d 0h 0m 11s)

