#
# There is insufficient memory for the Java Runtime Environment to continue.
# Native memory allocation (malloc) failed to allocate 1670272 bytes for Chunk::new
# Possible reasons:
#   The system is out of physical RAM or swap space
#   In 32 bit mode, the process size limit was hit
# Possible solutions:
#   Reduce memory load on the system
#   Increase physical memory or swap space
#   Check if swap backing store is full
#   Use 64 bit Java on a 64 bit OS
#   Decrease Java heap size (-Xmx/-Xms)
#   Decrease number of Java threads
#   Decrease Java thread stack sizes (-Xss)
#   Set larger code cache with -XX:ReservedCodeCacheSize=
# This output file may be truncated or incomplete.
#
#  Out of Memory Error (allocation.cpp:390), pid=28400, tid=0x0000000000006474
#
# JRE version: OpenJDK Runtime Environment (8.0_112) (build 1.8.0_112-release-736)
# Java VM: OpenJDK 64-Bit Server VM (25.112-b736 mixed mode windows-amd64 compressed oops)
# Failed to write core dump. Minidumps are not enabled by default on client versions of Windows
#

---------------  T H R E A D  ---------------

Current thread (0x00000000184ba000):  JavaThread "C2 CompilerThread0" daemon [_thread_in_native, id=25716, stack(0x0000000019ec0000,0x0000000019fc0000)]

Stack: [0x0000000019ec0000,0x0000000019fc0000]
[error occurred during error reporting (printing stack bounds), id 0xc0000005]

Native frames: (J=compiled Java code, j=interpreted, Vv=VM code, C=native code)


Current CompileTask:
C2:  87165 12862  s    4       java.beans.MethodDescriptor::setMethod (41 bytes)


---------------  P R O C E S S  ---------------

Java Threads: ( => current thread )
  0x000000002123c800 JavaThread "build operations Thread 4" [_thread_blocked, id=25088, stack(0x000000002b0f0000,0x000000002b1f0000)]
  0x000000002123a000 JavaThread "build operations Thread 3" [_thread_blocked, id=25572, stack(0x000000002aff0000,0x000000002b0f0000)]
  0x000000002123e800 JavaThread "build operations Thread 2" [_thread_blocked, id=24320, stack(0x000000002aef0000,0x000000002aff0000)]
  0x0000000021232000 JavaThread "build operations" [_thread_blocked, id=17836, stack(0x000000002adf0000,0x000000002aef0000)]
  0x0000000021238000 JavaThread "Cache worker for Artifact transforms cache (C:\Users\Dingtu2\.gradle\caches\transforms-1)" [_thread_blocked, id=27976, stack(0x000000002acf0000,0x000000002adf0000)]
  0x0000000021237000 JavaThread "Cache worker for file hash cache (D:\Dev\workspace\MyApplication2\.gradle\4.0-rc-1\fileHashes)" [_thread_blocked, id=28424, stack(0x000000002abf0000,0x000000002acf0000)]
  0x0000000021235800 JavaThread "Stdin handler" [_thread_blocked, id=28008, stack(0x000000002aaf0000,0x000000002abf0000)]
  0x0000000021236800 JavaThread "Asynchronous log dispatcher for DefaultDaemonConnection: socket connection from /127.0.0.1:21436 to /127.0.0.1:21850" [_thread_blocked, id=25528, stack(0x000000002a9f0000,0x000000002aaf0000)]
  0x0000000021233800 JavaThread "Cancel handler" [_thread_blocked, id=24908, stack(0x000000002a8f0000,0x000000002a9f0000)]
  0x0000000021232800 JavaThread "Handler for socket connection from /127.0.0.1:21436 to /127.0.0.1:21850" [_thread_in_native, id=19772, stack(0x000000002a7f0000,0x000000002a8f0000)]
  0x0000000021231000 JavaThread "ForkJoinPool.commonPool-worker-1" daemon [_thread_blocked, id=28212, stack(0x000000002a4f0000,0x000000002a5f0000)]
  0x0000000021230800 JavaThread "ForkJoinPool.commonPool-worker-3" daemon [_thread_blocked, id=27336, stack(0x0000000029af0000,0x0000000029bf0000)]
  0x000000001e453800 JavaThread "Memory manager" [_thread_blocked, id=26520, stack(0x0000000024030000,0x0000000024130000)]
  0x000000001e451800 JavaThread "pool-1-thread-1" [_thread_blocked, id=28044, stack(0x0000000023d50000,0x0000000023e50000)]
  0x000000001b6ba000 JavaThread "File lock request listener" [_thread_in_native, id=21996, stack(0x000000001dbc0000,0x000000001dcc0000)]
  0x000000001b6f6800 JavaThread "Cache worker for file hash cache (C:\Users\Dingtu2\.gradle\caches\4.0-rc-1\fileHashes)" [_thread_blocked, id=19948, stack(0x000000001dac0000,0x000000001dbc0000)]
  0x000000001b340000 JavaThread "Daemon worker" [_thread_in_Java, id=22024, stack(0x000000001d7c0000,0x000000001d8c0000)]
  0x000000001b737000 JavaThread "Daemon" [_thread_blocked, id=27044, stack(0x000000001d2c0000,0x000000001d3c0000)]
  0x000000001b736800 JavaThread "Daemon periodic checks" [_thread_blocked, id=28356, stack(0x000000001d1c0000,0x000000001d2c0000)]
  0x000000001bb36800 JavaThread "Incoming local TCP Connector on port 21436" [_thread_in_native, id=23180, stack(0x000000001bbb0000,0x000000001bcb0000)]
  0x000000001993a000 JavaThread "Service Thread" daemon [_thread_blocked, id=1292, stack(0x000000001a1c0000,0x000000001a2c0000)]
  0x00000000198cb800 JavaThread "C1 CompilerThread2" daemon [_thread_in_native, id=28224, stack(0x000000001a0c0000,0x000000001a1c0000)]
  0x00000000184bd800 JavaThread "C2 CompilerThread1" daemon [_thread_in_native, id=25652, stack(0x0000000019fc0000,0x000000001a0c0000)]
=>0x00000000184ba000 JavaThread "C2 CompilerThread0" daemon [_thread_in_native, id=25716, stack(0x0000000019ec0000,0x0000000019fc0000)]
  0x000000001846f000 JavaThread "Attach Listener" daemon [_thread_blocked, id=26372, stack(0x0000000019dc0000,0x0000000019ec0000)]
  0x00000000198c8800 JavaThread "Signal Dispatcher" daemon [_thread_blocked, id=28136, stack(0x0000000019cc0000,0x0000000019dc0000)]
  0x0000000018448000 JavaThread "Finalizer" daemon [_thread_blocked, id=25556, stack(0x00000000196c0000,0x00000000197c0000)]
  0x0000000004a21000 JavaThread "Reference Handler" daemon [_thread_blocked, id=27884, stack(0x00000000195c0000,0x00000000196c0000)]
  0x0000000004aed800 JavaThread "main" [_thread_blocked, id=28176, stack(0x0000000002d10000,0x0000000002e10000)]

Other Threads:
  0x0000000018425800 VMThread [stack: 0x00000000194c0000,0x00000000195c0000] [id=25400]
  0x0000000019943000 WatcherThread [stack: 0x000000001a2c0000,0x000000001a3c0000] [id=28408]

VM state:not at safepoint (normal execution)

VM Mutex/Monitor currently owned by a thread: None

Heap:
 PSYoungGen      total 244224K, used 242830K [0x00000000e0000000, 0x00000000f0500000, 0x0000000100000000)
  eden space 222720K, 99% used [0x00000000e0000000,0x00000000ed921f70,0x00000000ed980000)
  from space 21504K, 95% used [0x00000000eef00000,0x00000000f0301a38,0x00000000f0400000)
  to   space 22016K, 0% used [0x00000000ed980000,0x00000000ed980000,0x00000000eef00000)
 ParOldGen       total 148480K, used 62189K [0x00000000a0000000, 0x00000000a9100000, 0x00000000e0000000)
  object space 148480K, 41% used [0x00000000a0000000,0x00000000a3cbb680,0x00000000a9100000)
 Metaspace       used 68930K, capacity 72434K, committed 72576K, reserved 1112064K
  class space    used 8995K, capacity 9843K, committed 9856K, reserved 1048576K

Card table byte_map: [0x0000000013eb0000,0x00000000141c0000] byte_map_base: 0x00000000139b0000

Marking Bits: (ParMarkBitMap*) 0x000000007024f8f0
 Begin Bits: [0x00000000147c0000, 0x0000000015fc0000)
 End Bits:   [0x0000000015fc0000, 0x00000000177c0000)

Polling page: 0x0000000002e10000

CodeCache: size=245760Kb used=37209Kb max_used=37209Kb free=208550Kb
 bounds [0x0000000004af0000, 0x0000000006f80000, 0x0000000013af0000]
 total_blobs=11749 nmethods=10963 adapters=698
 compilation: enabled

Compilation events (10 events):
Event: 87.125 Thread 0x00000000198cb800 nmethod 13282 0x0000000006f5b990 code [0x0000000006f5bb00, 0x0000000006f5bd28]
Event: 87.126 Thread 0x00000000198cb800 13283       3       sun.security.jca.ProviderList::getProvider (22 bytes)
Event: 87.126 Thread 0x00000000198cb800 nmethod 13283 0x0000000006f68c50 code [0x0000000006f68dc0, 0x0000000006f69048]
Event: 87.126 Thread 0x00000000198cb800 13284       3       java.security.Provider::access$1000 (4 bytes)
Event: 87.126 Thread 0x00000000198cb800 nmethod 13284 0x0000000006f61450 code [0x0000000006f615a0, 0x0000000006f616d0]
Event: 87.127 Thread 0x00000000184bd800 13285       4       java.util.AbstractList::listIterator (6 bytes)
Event: 87.127 Thread 0x00000000184bd800 nmethod 13285 0x0000000006a5ead0 code [0x0000000006a5ec00, 0x0000000006a5ec78]
Event: 87.145 Thread 0x00000000198cb800 13286       3       org.gradle.api.internal.artifacts.ivyservice.projectmodule.ProjectDependencyResolver::resolveArtifact (69 bytes)
Event: 87.145 Thread 0x00000000198cb800 nmethod 13286 0x0000000006f6d310 code [0x0000000006f6d520, 0x0000000006f6e108]
Event: 87.148 Thread 0x00000000198cb800 13287       3       org.gradle.api.internal.artifacts.repositories.DefaultMavenArtifactRepository::createResolver (5 bytes)

GC Heap History (10 events):
Event: 46.240 GC heap before
{Heap before GC invocations=13 (full 2):
 PSYoungGen      total 182784K, used 31141K [0x00000000e0000000, 0x00000000ecf00000, 0x0000000100000000)
  eden space 166912K, 9% used [0x00000000e0000000,0x00000000e0eeba30,0x00000000ea300000)
  from space 15872K, 99% used [0x00000000eb800000,0x00000000ec77d9f0,0x00000000ec780000)
  to   space 21504K, 0% used [0x00000000ea300000,0x00000000ea300000,0x00000000eb800000)
 ParOldGen       total 101376K, used 32559K [0x00000000a0000000, 0x00000000a6300000, 0x00000000e0000000)
  object space 101376K, 32% used [0x00000000a0000000,0x00000000a1fcbe88,0x00000000a6300000)
 Metaspace       used 56881K, capacity 58916K, committed 59028K, reserved 1099776K
  class space    used 7562K, capacity 8094K, committed 8192K, reserved 1048576K
Event: 46.258 GC heap after
Heap after GC invocations=13 (full 2):
 PSYoungGen      total 188416K, used 13810K [0x00000000e0000000, 0x00000000f0400000, 0x0000000100000000)
  eden space 166912K, 0% used [0x00000000e0000000,0x00000000e0000000,0x00000000ea300000)
  from space 21504K, 64% used [0x00000000ea300000,0x00000000eb07c8e8,0x00000000eb800000)
  to   space 21504K, 0% used [0x00000000eef00000,0x00000000eef00000,0x00000000f0400000)
 ParOldGen       total 101376K, used 37191K [0x00000000a0000000, 0x00000000a6300000, 0x00000000e0000000)
  object space 101376K, 36% used [0x00000000a0000000,0x00000000a2451fb0,0x00000000a6300000)
 Metaspace       used 56881K, capacity 58916K, committed 59028K, reserved 1099776K
  class space    used 7562K, capacity 8094K, committed 8192K, reserved 1048576K
}
Event: 46.258 GC heap before
{Heap before GC invocations=14 (full 3):
 PSYoungGen      total 188416K, used 13810K [0x00000000e0000000, 0x00000000f0400000, 0x0000000100000000)
  eden space 166912K, 0% used [0x00000000e0000000,0x00000000e0000000,0x00000000ea300000)
  from space 21504K, 64% used [0x00000000ea300000,0x00000000eb07c8e8,0x00000000eb800000)
  to   space 21504K, 0% used [0x00000000eef00000,0x00000000eef00000,0x00000000f0400000)
 ParOldGen       total 101376K, used 37191K [0x00000000a0000000, 0x00000000a6300000, 0x00000000e0000000)
  object space 101376K, 36% used [0x00000000a0000000,0x00000000a2451fb0,0x00000000a6300000)
 Metaspace       used 56881K, capacity 58916K, committed 59028K, reserved 1099776K
  class space    used 7562K, capacity 8094K, committed 8192K, reserved 1048576K
Event: 46.466 GC heap after
Heap after GC invocations=14 (full 3):
 PSYoungGen      total 188416K, used 0K [0x00000000e0000000, 0x00000000f0400000, 0x0000000100000000)
  eden space 166912K, 0% used [0x00000000e0000000,0x00000000e0000000,0x00000000ea300000)
  from space 21504K, 0% used [0x00000000ea300000,0x00000000ea300000,0x00000000eb800000)
  to   space 21504K, 0% used [0x00000000eef00000,0x00000000eef00000,0x00000000f0400000)
 ParOldGen       total 148480K, used 43065K [0x00000000a0000000, 0x00000000a9100000, 0x00000000e0000000)
  object space 148480K, 29% used [0x00000000a0000000,0x00000000a2a0e5a0,0x00000000a9100000)
 Metaspace       used 56881K, capacity 58916K, committed 59028K, reserved 1099776K
  class space    used 7562K, capacity 8094K, committed 8192K, reserved 1048576K
}
Event: 64.376 GC heap before
{Heap before GC invocations=15 (full 3):
 PSYoungGen      total 188416K, used 166912K [0x00000000e0000000, 0x00000000f0400000, 0x0000000100000000)
  eden space 166912K, 100% used [0x00000000e0000000,0x00000000ea300000,0x00000000ea300000)
  from space 21504K, 0% used [0x00000000ea300000,0x00000000ea300000,0x00000000eb800000)
  to   space 21504K, 0% used [0x00000000eef00000,0x00000000eef00000,0x00000000f0400000)
 ParOldGen       total 148480K, used 43065K [0x00000000a0000000, 0x00000000a9100000, 0x00000000e0000000)
  object space 148480K, 29% used [0x00000000a0000000,0x00000000a2a0e5a0,0x00000000a9100000)
 Metaspace       used 59035K, capacity 61218K, committed 61440K, reserved 1101824K
  class space    used 7752K, capacity 8331K, committed 8448K, reserved 1048576K
Event: 64.395 GC heap after
Heap after GC invocations=15 (full 3):
 PSYoungGen      total 244224K, used 14815K [0x00000000e0000000, 0x00000000f0500000, 0x0000000100000000)
  eden space 222720K, 0% used [0x00000000e0000000,0x00000000e0000000,0x00000000ed980000)
  from space 21504K, 68% used [0x00000000eef00000,0x00000000efd77f50,0x00000000f0400000)
  to   space 22016K, 0% used [0x00000000ed980000,0x00000000ed980000,0x00000000eef00000)
 ParOldGen       total 148480K, used 43073K [0x00000000a0000000, 0x00000000a9100000, 0x00000000e0000000)
  object space 148480K, 29% used [0x00000000a0000000,0x00000000a2a105a0,0x00000000a9100000)
 Metaspace       used 59035K, capacity 61218K, committed 61440K, reserved 1101824K
  class space    used 7752K, capacity 8331K, committed 8448K, reserved 1048576K
}
Event: 75.234 GC heap before
{Heap before GC invocations=16 (full 3):
 PSYoungGen      total 244224K, used 237535K [0x00000000e0000000, 0x00000000f0500000, 0x0000000100000000)
  eden space 222720K, 100% used [0x00000000e0000000,0x00000000ed980000,0x00000000ed980000)
  from space 21504K, 68% used [0x00000000eef00000,0x00000000efd77f50,0x00000000f0400000)
  to   space 22016K, 0% used [0x00000000ed980000,0x00000000ed980000,0x00000000eef00000)
 ParOldGen       total 148480K, used 43073K [0x00000000a0000000, 0x00000000a9100000, 0x00000000e0000000)
  object space 148480K, 29% used [0x00000000a0000000,0x00000000a2a105a0,0x00000000a9100000)
 Metaspace       used 60775K, capacity 63048K, committed 63360K, reserved 1103872K
  class space    used 7946K, capacity 8502K, committed 8576K, reserved 1048576K
Event: 75.262 GC heap after
Heap after GC invocations=16 (full 3):
 PSYoungGen      total 244736K, used 6756K [0x00000000e0000000, 0x00000000f0500000, 0x0000000100000000)
  eden space 222720K, 0% used [0x00000000e0000000,0x00000000e0000000,0x00000000ed980000)
  from space 22016K, 30% used [0x00000000ed980000,0x00000000ee019220,0x00000000eef00000)
  to   space 21504K, 0% used [0x00000000eef00000,0x00000000eef00000,0x00000000f0400000)
 ParOldGen       total 148480K, used 56377K [0x00000000a0000000, 0x00000000a9100000, 0x00000000e0000000)
  object space 148480K, 37% used [0x00000000a0000000,0x00000000a370e7a0,0x00000000a9100000)
 Metaspace       used 60775K, capacity 63048K, committed 63360K, reserved 1103872K
  class space    used 7946K, capacity 8502K, committed 8576K, reserved 1048576K
}
Event: 83.885 GC heap before
{Heap before GC invocations=17 (full 3):
 PSYoungGen      total 244736K, used 229476K [0x00000000e0000000, 0x00000000f0500000, 0x0000000100000000)
  eden space 222720K, 100% used [0x00000000e0000000,0x00000000ed980000,0x00000000ed980000)
  from space 22016K, 30% used [0x00000000ed980000,0x00000000ee019220,0x00000000eef00000)
  to   space 21504K, 0% used [0x00000000eef00000,0x00000000eef00000,0x00000000f0400000)
 ParOldGen       total 148480K, used 56377K [0x00000000a0000000, 0x00000000a9100000, 0x00000000e0000000)
  object space 148480K, 37% used [0x00000000a0000000,0x00000000a370e7a0,0x00000000a9100000)
 Metaspace       used 65829K, capacity 68868K, committed 69120K, reserved 1110016K
  class space    used 8477K, capacity 9205K, committed 9216K, reserved 1048576K
Event: 83.945 GC heap after
Heap after GC invocations=17 (full 3):
 PSYoungGen      total 244224K, used 20486K [0x00000000e0000000, 0x00000000f0500000, 0x0000000100000000)
  eden space 222720K, 0% used [0x00000000e0000000,0x00000000e0000000,0x00000000ed980000)
  from space 21504K, 95% used [0x00000000eef00000,0x00000000f0301a38,0x00000000f0400000)
  to   space 22016K, 0% used [0x00000000ed980000,0x00000000ed980000,0x00000000eef00000)
 ParOldGen       total 148480K, used 62189K [0x00000000a0000000, 0x00000000a9100000, 0x00000000e0000000)
  object space 148480K, 41% used [0x00000000a0000000,0x00000000a3cbb680,0x00000000a9100000)
 Metaspace       used 65829K, capacity 68868K, committed 69120K, reserved 1110016K
  class space    used 8477K, capacity 9205K, committed 9216K, reserved 1048576K
}

Deoptimization events (10 events):
Event: 85.367 Thread 0x000000001b340000 Uncommon trap: reason=unstable_if action=reinterpret pc=0x0000000006655a7c method=com.google.common.cache.LocalCache$Segment.recordWrite(Lcom/google/common/cache/LocalCache$ReferenceEntry;IJ)V @ 21
Event: 85.550 Thread 0x000000001b340000 Uncommon trap: reason=class_check action=maybe_recompile pc=0x000000000553e640 method=java.lang.Throwable.<init>(Ljava/lang/String;Ljava/lang/Throwable;)V @ 24
Event: 85.584 Thread 0x000000001b340000 Uncommon trap: reason=unstable_if action=reinterpret pc=0x0000000005921c5c method=java.util.LinkedHashMap.afterNodeInsertion(Z)V @ 18
Event: 85.584 Thread 0x000000001b340000 Uncommon trap: reason=bimorphic action=maybe_recompile pc=0x0000000006247e24 method=java.util.HashMap.removeNode(ILjava/lang/Object;Ljava/lang/Object;ZZ)Ljava/util/HashMap$Node; @ 283
Event: 85.584 Thread 0x000000001b340000 Uncommon trap: reason=bimorphic action=maybe_recompile pc=0x0000000006247e24 method=java.util.HashMap.removeNode(ILjava/lang/Object;Ljava/lang/Object;ZZ)Ljava/util/HashMap$Node; @ 283
Event: 85.585 Thread 0x000000001b340000 Uncommon trap: reason=bimorphic action=maybe_recompile pc=0x0000000006247e24 method=java.util.HashMap.removeNode(ILjava/lang/Object;Ljava/lang/Object;ZZ)Ljava/util/HashMap$Node; @ 283
Event: 85.585 Thread 0x000000001b340000 Uncommon trap: reason=bimorphic action=maybe_recompile pc=0x0000000006247e24 method=java.util.HashMap.removeNode(ILjava/lang/Object;Ljava/lang/Object;ZZ)Ljava/util/HashMap$Node; @ 283
Event: 86.235 Thread 0x000000001b340000 Uncommon trap: reason=unstable_if action=reinterpret pc=0x0000000004ce5de4 method=org.gradle.api.internal.attributes.ImmutableAttributes.getAttribute(Lorg/gradle/api/attributes/Attribute;)Ljava/lang/Object; @ 23
Event: 86.441 Thread 0x000000002123c800 Uncommon trap: reason=unstable_if action=reinterpret pc=0x0000000005f79600 method=java.util.concurrent.locks.ReentrantLock$Sync.nonfairTryAcquire(I)Z @ 19
Event: 86.986 Thread 0x0000000021236800 Uncommon trap: reason=speculate_class_check action=maybe_recompile pc=0x00000000069888d4 method=java.io.ObjectOutputStream.verifySubclass()V @ 8

Internal exceptions (10 events):
Event: 85.384 Thread 0x000000001b340000 Exception <a 'java/lang/ClassNotFoundException': com/google/common/collect/AbstractMapBasedMultimap$RandomAccessWrappedListCustomizer> (0x00000000e893c5d8) thrown at [D:\src\AOSP-openjdk-cygwin\jdk8u\hotspot\src\share\vm\classfile\systemDictionary.cpp, lin,ÝÏ	¼ZU@
Event: 85.418 Thread 0x000000001b340000 Exception <a 'java/lang/ClassNotFoundException': org/jetbrains/plugins/gradle/model/DefaultExternalLibraryDependencyBeanInfo> (0x00000000e89afe80) thrown at [D:\src\AOSP-openjdk-cygwin\jdk8u\hotspot\src\share\vm\classfile\systemDictionary.cpp, line 210]
Event: 85.418 Thread 0x000000001b340000 Exception <a 'java/lang/ClassNotFoundException': org/jetbrains/plugins/gradle/model/AbstractExternalDependencyBeanInfo> (0x00000000e89bfd40) thrown at [D:\src\AOSP-openjdk-cygwin\jdk8u\hotspot\src\share\vm\classfile\systemDictionary.cpp, line 210]
Event: 85.420 Thread 0x000000001b340000 Exception <a 'java/lang/ClassNotFoundException': org/jetbrains/plugins/gradle/model/AbstractExternalDependencyCustomizer> (0x00000000e89cfdf8) thrown at [D:\src\AOSP-openjdk-cygwin\jdk8u\hotspot\src\share\vm\classfile\systemDictionary.cpp, line 210]
Event: 85.420 Thread 0x000000001b340000 Exception <a 'java/lang/ClassNotFoundException': org/jetbrains/plugins/gradle/model/DefaultExternalLibraryDependencyCustomizer> (0x00000000e89fd160) thrown at [D:\src\AOSP-openjdk-cygwin\jdk8u\hotspot\src\share\vm\classfile\systemDictionary.cpp, line 210]
Event: 85.488 Thread 0x000000001b340000 Exception <a 'java/lang/ClassNotFoundException': org/gradle/api/internal/artifacts/result/DefaultResolvedArtifactResultBeanInfo> (0x00000000e8b58a80) thrown at [D:\src\AOSP-openjdk-cygwin\jdk8u\hotspot\src\share\vm\classfile\systemDictionary.cpp, line 210]ç9„M<_U@
Event: 85.488 Thread 0x000000001b340000 Exception <a 'java/lang/ClassNotFoundException': org/gradle/api/internal/artifacts/result/DefaultResolvedArtifactResultCustomizer> (0x00000000e8b88c68) thrown at [D:\src\AOSP-openjdk-cygwin\jdk8u\hotspot\src\share\vm\classfile\systemDictionary.cpp, line 21
Event: 86.980 Thread 0x000000001b340000 Exception <a 'java/lang/ClassNotFoundException': java/util/CollectionsBeanInfo> (0x00000000ecc199c8) thrown at [D:\src\AOSP-openjdk-cygwin\jdk8u\hotspot\src\share\vm\classfile\systemDictionary.cpp, line 210]
Event: 86.981 Thread 0x000000001b340000 Exception <a 'java/lang/ClassNotFoundException': java/util/CollectionsCustomizer> (0x00000000ecc20268) thrown at [D:\src\AOSP-openjdk-cygwin\jdk8u\hotspot\src\share\vm\classfile\systemDictionary.cpp, line 210]
Event: 87.048 Thread 0x000000001b340000 Exception <a 'java/lang/NoSuchMethodError': java.lang.Object.lambda$of$a04ddf17$1(Ljava/lang/Object;)Ljava/lang/Object;> (0x00000000ed27c3e0) thrown at [D:\src\AOSP-openjdk-cygwin\jdk8u\hotspot\src\share\vm\interpreter\linkResolver.cpp, line 582]

Events (10 events):
Event: 86.983 loading class groovy/runtime/metaclass/org/jetbrains/plugins/gradle/tooling/builder/ProjectExtensionsDataBuilderImpl$_buildAll_closure2$_closure3MetaClass done
Event: 86.984 loading class org/gradle/internal/featurelifecycle/DeprecatedFeatureUsage
Event: 86.984 loading class org/gradle/internal/featurelifecycle/DeprecatedFeatureUsage done
Event: 86.986 Thread 0x0000000021236800 Uncommon trap: trap_request=0xffffff76 fr.pc=0x00000000069888d4
Event: 86.986 Thread 0x0000000021236800 DEOPT PACKING pc=0x00000000069888d4 sp=0x000000002aaeed40
Event: 86.986 Thread 0x0000000021236800 DEOPT UNPACKING pc=0x0000000004b3556a sp=0x000000002aaeecc8 mode 2
Event: 86.987 loading class org/gradle/api/artifacts/PublishArtifactSet
Event: 86.987 loading class org/gradle/api/artifacts/PublishArtifactSet done
Event: 87.048 loading class com/android/build/gradle/internal/ide/BuildOutputSupplier
Event: 87.048 loading class com/android/build/gradle/internal/ide/BuildOutputSupplier done


Dynamic libraries:
0x00007ff7cd370000 - 0x00007ff7cd3a1000 	D:\Dev\android-studio\jre\bin\java.exe
0x00007ffe4c2d0000 - 0x00007ffe4c4b0000 	C:\WINDOWS\SYSTEM32\ntdll.dll
0x00007ffe49890000 - 0x00007ffe4993e000 	C:\WINDOWS\System32\KERNEL32.DLL
0x00007ffe48720000 - 0x00007ffe48986000 	C:\WINDOWS\System32\KERNELBASE.dll
0x00007ffe4a520000 - 0x00007ffe4a5c1000 	C:\WINDOWS\System32\ADVAPI32.dll
0x00007ffe4ac20000 - 0x00007ffe4acbd000 	C:\WINDOWS\System32\msvcrt.dll
0x00007ffe4ab10000 - 0x00007ffe4ab6b000 	C:\WINDOWS\System32\sechost.dll
0x00007ffe4a400000 - 0x00007ffe4a51f000 	C:\WINDOWS\System32\RPCRT4.dll
0x00007ffe49b10000 - 0x00007ffe49c9f000 	C:\WINDOWS\System32\USER32.dll
0x00007ffe486b0000 - 0x00007ffe486d0000 	C:\WINDOWS\System32\win32u.dll
0x00007ffe4acc0000 - 0x00007ffe4ace8000 	C:\WINDOWS\System32\GDI32.dll
0x00007ffe49360000 - 0x00007ffe494f3000 	C:\WINDOWS\System32\gdi32full.dll
0x00007ffe492c0000 - 0x00007ffe4935b000 	C:\WINDOWS\System32\msvcp_win.dll
0x00007ffe491c0000 - 0x00007ffe492b6000 	C:\WINDOWS\System32\ucrtbase.dll
0x00007ffe3f930000 - 0x00007ffe3fb99000 	C:\WINDOWS\WinSxS\amd64_microsoft.windows.common-controls_6595b64144ccf1df_6.0.16299.431_none_15c7d3ee93659e73\COMCTL32.dll
0x00007ffe4a6a0000 - 0x00007ffe4a9a8000 	C:\WINDOWS\System32\combase.dll
0x00007ffe49140000 - 0x00007ffe491b2000 	C:\WINDOWS\System32\bcryptPrimitives.dll
0x00007ffe4ad50000 - 0x00007ffe4ad7d000 	C:\WINDOWS\System32\IMM32.DLL
0x000000006f9b0000 - 0x000000006fa82000 	D:\Dev\android-studio\jre\jre\bin\msvcr100.dll
0x000000006fa90000 - 0x00000000702ca000 	D:\Dev\android-studio\jre\jre\bin\server\jvm.dll
0x00007ffe4ad10000 - 0x00007ffe4ad18000 	C:\WINDOWS\System32\PSAPI.DLL
0x00007ffe3b1c0000 - 0x00007ffe3b1c9000 	C:\WINDOWS\SYSTEM32\WSOCK32.dll
0x00007ffe417e0000 - 0x00007ffe417ea000 	C:\WINDOWS\SYSTEM32\VERSION.dll
0x00007ffe43cb0000 - 0x00007ffe43cd3000 	C:\WINDOWS\SYSTEM32\WINMM.dll
0x00007ffe49aa0000 - 0x00007ffe49b0c000 	C:\WINDOWS\System32\WS2_32.dll
0x00007ffe43c30000 - 0x00007ffe43c5a000 	C:\WINDOWS\SYSTEM32\WINMMBASE.dll
0x00007ffe486d0000 - 0x00007ffe4871a000 	C:\WINDOWS\System32\cfgmgr32.dll
0x00007ffe438f0000 - 0x00007ffe438ff000 	D:\Dev\android-studio\jre\jre\bin\verify.dll
0x00007ffe3ade0000 - 0x00007ffe3ae09000 	D:\Dev\android-studio\jre\jre\bin\java.dll
0x00007ffe3adc0000 - 0x00007ffe3add6000 	D:\Dev\android-studio\jre\jre\bin\zip.dll
0x00007ffe4ae60000 - 0x00007ffe4c298000 	C:\WINDOWS\System32\SHELL32.dll
0x00007ffe4ab70000 - 0x00007ffe4ac16000 	C:\WINDOWS\System32\shcore.dll
0x00007ffe489f0000 - 0x00007ffe49137000 	C:\WINDOWS\System32\windows.storage.dll
0x00007ffe49a40000 - 0x00007ffe49a91000 	C:\WINDOWS\System32\shlwapi.dll
0x00007ffe48620000 - 0x00007ffe48631000 	C:\WINDOWS\System32\kernel.appcore.dll
0x00007ffe48660000 - 0x00007ffe486ac000 	C:\WINDOWS\System32\powrprof.dll
0x00007ffe48640000 - 0x00007ffe4865b000 	C:\WINDOWS\System32\profapi.dll
0x00007ffe31010000 - 0x00007ffe3102a000 	D:\Dev\android-studio\jre\jre\bin\net.dll
0x00007ffe47e90000 - 0x00007ffe47ef6000 	C:\WINDOWS\system32\mswsock.dll
0x00007ffe2f560000 - 0x00007ffe2f571000 	D:\Dev\android-studio\jre\jre\bin\nio.dll
0x00007ffe15c60000 - 0x00007ffe15c7e000 	C:\Users\Dingtu2\.gradle\native\25\windows-amd64\native-platform.dll
0x00007ffe48050000 - 0x00007ffe48067000 	C:\WINDOWS\SYSTEM32\CRYPTSP.dll
0x00007ffe47a90000 - 0x00007ffe47ac3000 	C:\WINDOWS\system32\rsaenh.dll
0x00007ffe48160000 - 0x00007ffe48185000 	C:\WINDOWS\SYSTEM32\bcrypt.dll
0x00007ffe48530000 - 0x00007ffe48559000 	C:\WINDOWS\SYSTEM32\USERENV.dll
0x00007ffe48070000 - 0x00007ffe4807b000 	C:\WINDOWS\SYSTEM32\CRYPTBASE.dll
0x00007ffe47c20000 - 0x00007ffe47c59000 	C:\WINDOWS\SYSTEM32\IPHLPAPI.DLL
0x00007ffe4ab00000 - 0x00007ffe4ab08000 	C:\WINDOWS\System32\NSI.dll
0x00007ffe3f660000 - 0x00007ffe3f676000 	C:\WINDOWS\SYSTEM32\dhcpcsvc6.DLL
0x00007ffe3f680000 - 0x00007ffe3f69a000 	C:\WINDOWS\SYSTEM32\dhcpcsvc.DLL
0x00007ffe31830000 - 0x00007ffe3183d000 	D:\Dev\android-studio\jre\jre\bin\management.dll
0x00007ffe47730000 - 0x00007ffe47761000 	C:\WINDOWS\SYSTEM32\ntmarta.dll
0x0000000064940000 - 0x00000000649c7000 	C:\Users\Dingtu2\AppData\Local\Temp\aapt2_7853254431229352215.dir\libwinpthread-1.dll
0x0000000025b00000 - 0x00000000293e3000 	C:\Users\Dingtu2\AppData\Local\Temp\aapt2_7853254431229352215.dir\libaapt2_jni.dll

VM Arguments:
jvm_args: -Xmx1536m -Dfile.encoding=GBK -Duser.country=CN -Duser.language=zh -Duser.variant 
java_command: org.gradle.launcher.daemon.bootstrap.GradleDaemon 4.0-rc-1
java_class_path (initial): C:\Users\Dingtu2\.gradle\wrapper\dists\gradle-4.0-rc-1-all\2dvsomv3yp212iq7wr9ryseos\gradle-4.0-rc-1\lib\gradle-launcher-4.0.jar
Launcher Type: SUN_STANDARD

Environment Variables:
PATH=C:\Program Files\Microsoft MPI\Bin\;C:\ProgramData\Oracle\Java\javapath;C:\Program Files (x86)\Intel\iCLS Client\;C:\Program Files\Intel\iCLS Client\;C:\WINDOWS\system32;C:\WINDOWS;C:\WINDOWS\System32\Wbem;C:\WINDOWS\System32\WindowsPowerShell\v1.0\;C:\Program Files\Intel\Intel(R) Management Engine Components\DAL;C:\Program Files\Intel\Intel(R) Management Engine Components\IPT;C:\Program Files (x86)\Intel\Intel(R) Management Engine Components\DAL;C:\Program Files (x86)\Intel\Intel(R) Management Engine Components\IPT;C:\Program Files (x86)\Common Files\Lenovo;C:\SWTOOLS\ReadyApps;C:\Program Files\TortoiseSVN\bin;C:\Program Files\Microsoft\Web Platform Installer\;C:\Program Files (x86)\Microsoft ASP.NET\ASP.NET Web Pages\v1.0\;C:\Program Files (x86)\Windows Kits\8.0\Windows Performance Toolkit\;C:\Program Files\Microsoft SQL Server\110\Tools\Binn\;C:\Program Files\VisualSVN Server\bin;C:\Program Files (x86)\NVIDIA Corporation\PhysX\Common;C:\Program Files\Microsoft SQL Server\130\Tools\Binn\;C:\Program Files\dotnet\;C:\Program Files\Git\cmd;%SystemRoot%\system32;%SystemRoot%;%SystemRoot%\System32\Wbem;%SYSTEMROOT%\System32\WindowsPowerShell\v1.0\;C:\Users\Dingtu2\AppData\Local\Microsoft\WindowsApps;C:\Program Files (x86)\Nmap;C:\Users\Dingtu2\AppData\Local\Programs\Fiddler;C:\Users\Dingtu2\AppData\Local\Microsoft\WindowsApps;C:\Program Files\Java\jdk1.8.0_91\bin;
USERNAME=Dingtu2
OS=Windows_NT
PROCESSOR_IDENTIFIER=Intel64 Family 6 Model 60 Stepping 3, GenuineIntel



---------------  S Y S T E M  ---------------

OS: Windows 10.0 , 64 bit Build 16299 (10.0.16299.431)

CPU:total 4 (4 cores per cpu, 1 threads per core) family 6 model 60 stepping 3, cmov, cx8, fxsr, mmx, sse, sse2, sse3, ssse3, sse4.1, sse4.2, popcnt, avx, avx2, aes, clmul, erms, lzcnt, tsc, tscinvbit, bmi1, bmi2

Memory: 4k page, physical 8334184k(1234924k free), swap 10244392k(5560k free)

vm_info: OpenJDK 64-Bit Server VM (25.112-b736) for windows-amd64 JRE (1.8.0_112-release-736), built on Mar  6 2017 17:02:07 by "builder" with MS VC++ 10.0 (VS2010)

time: Tue Sep 11 18:20:07 2018
elapsed time: 87 seconds (0d 0h 1m 27s)

